{
  "stats": {
    "suites": 1,
    "tests": 13,
    "passes": 13,
    "pending": 0,
    "failures": 0,
    "start": "2025-06-06T14:48:10.533Z",
    "end": "2025-06-06T14:48:22.400Z",
    "duration": 11867,
    "testsRegistered": 13,
    "passPercent": 100,
    "pendingPercent": 0,
    "other": 0,
    "hasOther": false,
    "skipped": 0,
    "hasSkipped": false
  },
  "results": [
    {
      "uuid": "16c9c9aa-3128-46e7-8783-8474adbe1c48",
      "title": "",
      "fullFile": "cypress/e2e/hillel.cy.js",
      "file": "cypress/e2e/hillel.cy.js",
      "beforeHooks": [],
      "afterHooks": [],
      "tests": [],
      "suites": [
        {
          "uuid": "400bdc18-b959-4305-864e-96b9b683839f",
          "title": "Header and Footer elements",
          "fullFile": "",
          "file": "",
          "beforeHooks": [],
          "afterHooks": [],
          "tests": [
            {
              "title": "Should find \"Home\" in header",
              "fullTitle": "Header and Footer elements Should find \"Home\" in header",
              "timedOut": null,
              "duration": 2163,
              "state": "passed",
              "speed": "fast",
              "pass": true,
              "fail": false,
              "pending": false,
              "context": null,
              "code": "cy.get('.-active').should('contain', 'Home').should('be.visible');",
              "err": {},
              "uuid": "33ef17b9-a1be-402b-ab2f-166b8c06ef2e",
              "parentUUID": "400bdc18-b959-4305-864e-96b9b683839f",
              "isHook": false,
              "skipped": false
            },
            {
              "title": "Should find \"About\" in header",
              "fullTitle": "Header and Footer elements Should find \"About\" in header",
              "timedOut": null,
              "duration": 397,
              "state": "passed",
              "speed": "fast",
              "pass": true,
              "fail": false,
              "pending": false,
              "context": null,
              "code": "cy.get('[appscrollto=\"aboutSection\"]').should('contain', 'About').should('be.visible');",
              "err": {},
              "uuid": "88f0bbe1-366e-440e-b22a-acdf6f2400ff",
              "parentUUID": "400bdc18-b959-4305-864e-96b9b683839f",
              "isHook": false,
              "skipped": false
            },
            {
              "title": "Should find \"Contacts\" in header",
              "fullTitle": "Header and Footer elements Should find \"Contacts\" in header",
              "timedOut": null,
              "duration": 501,
              "state": "passed",
              "speed": "fast",
              "pass": true,
              "fail": false,
              "pending": false,
              "context": null,
              "code": "cy.get('[appscrollto=\"contactsSection\"]').should('contain', 'Contacts').should('be.visible');",
              "err": {},
              "uuid": "ca43782d-7814-40e1-b79d-201db90b72d8",
              "parentUUID": "400bdc18-b959-4305-864e-96b9b683839f",
              "isHook": false,
              "skipped": false
            },
            {
              "title": "Should find \"Guest Log In\"",
              "fullTitle": "Header and Footer elements Should find \"Guest Log In\"",
              "timedOut": null,
              "duration": 773,
              "state": "passed",
              "speed": "fast",
              "pass": true,
              "fail": false,
              "pending": false,
              "context": null,
              "code": "cy.get('.header_right > .header-link').should('contain', 'Guest log in').should('be.visible').and('not.be.disabled').click();",
              "err": {},
              "uuid": "b0a12e79-a9e2-4e23-b5fc-bde8514c733d",
              "parentUUID": "400bdc18-b959-4305-864e-96b9b683839f",
              "isHook": false,
              "skipped": false
            },
            {
              "title": "Should find \"Sign In\"",
              "fullTitle": "Header and Footer elements Should find \"Sign In\"",
              "timedOut": null,
              "duration": 1254,
              "state": "passed",
              "speed": "fast",
              "pass": true,
              "fail": false,
              "pending": false,
              "context": null,
              "code": "cy.get('.header_right > .btn').should('be.visible').and('not.be.disabled').click();",
              "err": {},
              "uuid": "08101cf1-4650-4f7d-8410-d96d699784d7",
              "parentUUID": "400bdc18-b959-4305-864e-96b9b683839f",
              "isHook": false,
              "skipped": false
            },
            {
              "title": "Should find \"Sign Up\"",
              "fullTitle": "Header and Footer elements Should find \"Sign Up\"",
              "timedOut": null,
              "duration": 418,
              "state": "passed",
              "speed": "fast",
              "pass": true,
              "fail": false,
              "pending": false,
              "context": null,
              "code": "cy.get('.hero-descriptor_btn').should('be.visible').and('not.be.disabled').click();",
              "err": {},
              "uuid": "de92c2f1-fdab-4246-9d48-bc8a38a30af4",
              "parentUUID": "400bdc18-b959-4305-864e-96b9b683839f",
              "isHook": false,
              "skipped": false
            },
            {
              "title": "Should find facebook button",
              "fullTitle": "Header and Footer elements Should find facebook button",
              "timedOut": null,
              "duration": 493,
              "state": "passed",
              "speed": "fast",
              "pass": true,
              "fail": false,
              "pending": false,
              "context": null,
              "code": "cy.get('[href=\"https://www.facebook.com/Hillel.IT.School\"] > .socials_icon').should('be.visible').and('not.be.disabled').click();",
              "err": {},
              "uuid": "fe78220d-82bc-4118-9f39-db5e5808d433",
              "parentUUID": "400bdc18-b959-4305-864e-96b9b683839f",
              "isHook": false,
              "skipped": false
            },
            {
              "title": "Should find telegram button",
              "fullTitle": "Header and Footer elements Should find telegram button",
              "timedOut": null,
              "duration": 707,
              "state": "passed",
              "speed": "fast",
              "pass": true,
              "fail": false,
              "pending": false,
              "context": null,
              "code": "cy.get('[href=\"https://t.me/ithillel_kyiv\"] > .socials_icon').should('be.visible').and('not.be.disabled').click();",
              "err": {},
              "uuid": "b5ac01e7-8f57-49e0-b591-89dbfb9bbe41",
              "parentUUID": "400bdc18-b959-4305-864e-96b9b683839f",
              "isHook": false,
              "skipped": false
            },
            {
              "title": "Should find YouTube button",
              "fullTitle": "Header and Footer elements Should find YouTube button",
              "timedOut": null,
              "duration": 1144,
              "state": "passed",
              "speed": "fast",
              "pass": true,
              "fail": false,
              "pending": false,
              "context": null,
              "code": "cy.get('[href=\"https://www.youtube.com/user/HillelITSchool?sub_confirmation=1\"] > .socials_icon').should('be.visible').and('not.be.disabled').click();",
              "err": {},
              "uuid": "3c733ef6-99f9-4953-a2c6-9940495fe17d",
              "parentUUID": "400bdc18-b959-4305-864e-96b9b683839f",
              "isHook": false,
              "skipped": false
            },
            {
              "title": "Should find Instagramm button",
              "fullTitle": "Header and Footer elements Should find Instagramm button",
              "timedOut": null,
              "duration": 804,
              "state": "passed",
              "speed": "fast",
              "pass": true,
              "fail": false,
              "pending": false,
              "context": null,
              "code": "cy.get('[href=\"https://www.instagram.com/hillel_itschool/\"] > .socials_icon').should('be.visible').and('not.be.disabled').click();",
              "err": {},
              "uuid": "85f0f763-c8c9-400b-82e4-ad36c24b1f23",
              "parentUUID": "400bdc18-b959-4305-864e-96b9b683839f",
              "isHook": false,
              "skipped": false
            },
            {
              "title": "Should find LinkedIn button",
              "fullTitle": "Header and Footer elements Should find LinkedIn button",
              "timedOut": null,
              "duration": 659,
              "state": "passed",
              "speed": "fast",
              "pass": true,
              "fail": false,
              "pending": false,
              "context": null,
              "code": "cy.get('[href=\"https://www.linkedin.com/school/ithillel/\"] > .socials_icon').should('be.visible').and('not.be.disabled').click();",
              "err": {},
              "uuid": "9f7c303b-c29c-417a-8e46-b47e955efdcc",
              "parentUUID": "400bdc18-b959-4305-864e-96b9b683839f",
              "isHook": false,
              "skipped": false
            },
            {
              "title": "Should go to the school site",
              "fullTitle": "Header and Footer elements Should go to the school site",
              "timedOut": null,
              "duration": 978,
              "state": "passed",
              "speed": "fast",
              "pass": true,
              "fail": false,
              "pending": false,
              "context": null,
              "code": "cy.get('.display-4').should('be.visible').and('not.be.disabled').click();",
              "err": {},
              "uuid": "2c0160d6-22e0-4e9c-8873-7bb9a1a91076",
              "parentUUID": "400bdc18-b959-4305-864e-96b9b683839f",
              "isHook": false,
              "skipped": false
            },
            {
              "title": "Should go to the developer e-mail",
              "fullTitle": "Header and Footer elements Should go to the developer e-mail",
              "timedOut": null,
              "duration": 693,
              "state": "passed",
              "speed": "fast",
              "pass": true,
              "fail": false,
              "pending": false,
              "context": null,
              "code": "cy.get('.h4', {\n  timeout: 10000\n}).should('be.visible').and('not.be.disabled');",
              "err": {},
              "uuid": "8716f995-4ebf-4778-8641-8d06fe86b50d",
              "parentUUID": "400bdc18-b959-4305-864e-96b9b683839f",
              "isHook": false,
              "skipped": false
            }
          ],
          "suites": [],
          "passes": [
            "33ef17b9-a1be-402b-ab2f-166b8c06ef2e",
            "88f0bbe1-366e-440e-b22a-acdf6f2400ff",
            "ca43782d-7814-40e1-b79d-201db90b72d8",
            "b0a12e79-a9e2-4e23-b5fc-bde8514c733d",
            "08101cf1-4650-4f7d-8410-d96d699784d7",
            "de92c2f1-fdab-4246-9d48-bc8a38a30af4",
            "fe78220d-82bc-4118-9f39-db5e5808d433",
            "b5ac01e7-8f57-49e0-b591-89dbfb9bbe41",
            "3c733ef6-99f9-4953-a2c6-9940495fe17d",
            "85f0f763-c8c9-400b-82e4-ad36c24b1f23",
            "9f7c303b-c29c-417a-8e46-b47e955efdcc",
            "2c0160d6-22e0-4e9c-8873-7bb9a1a91076",
            "8716f995-4ebf-4778-8641-8d06fe86b50d"
          ],
          "failures": [],
          "pending": [],
          "skipped": [],
          "duration": 10984,
          "root": false,
          "rootEmpty": false,
          "_timeout": 2000
        }
      ],
      "passes": [],
      "failures": [],
      "pending": [],
      "skipped": [],
      "duration": 0,
      "root": true,
      "rootEmpty": true,
      "_timeout": 2000
    }
  ],
  "meta": {
    "mocha": {
      "version": "7.2.0"
    },
    "mochawesome": {
      "options": {
        "quiet": false,
        "reportFilename": "mochawesome",
        "saveHtml": false,
        "saveJson": true,
        "consoleReporter": "spec",
        "useInlineDiffs": false,
        "code": true
      },
      "version": "7.1.3"
    },
    "marge": {
      "options": {
        "reportDir": "cypress/reports",
        "overwrite": false,
        "html": false,
        "json": true
      },
      "version": "6.2.0"
    }
  }
}