{
  "stats": {
    "suites": 1,
    "tests": 1,
    "passes": 0,
    "pending": 0,
    "failures": 1,
    "start": "2025-06-06T14:51:15.624Z",
    "end": "2025-06-06T14:51:20.919Z",
    "duration": 5295,
    "testsRegistered": 1,
    "passPercent": 0,
    "pendingPercent": 0,
    "other": 0,
    "hasOther": false,
    "skipped": 0,
    "hasSkipped": false
  },
  "results": [
    {
      "uuid": "5704d215-bb97-4066-9cb6-acf2a9810fb0",
      "title": "",
      "fullFile": "cypress/e2e/Env.cy.js",
      "file": "cypress/e2e/Env.cy.js",
      "beforeHooks": [],
      "afterHooks": [],
      "tests": [],
      "suites": [
        {
          "uuid": "e6544456-7990-49ca-bf58-04dc57a42968",
          "title": "Garage and Expenses Tests",
          "fullFile": "",
          "file": "",
          "beforeHooks": [],
          "afterHooks": [],
          "tests": [
            {
              "title": "Add car and fuel expense",
              "fullTitle": "Garage and Expenses Tests Add car and fuel expense",
              "timedOut": null,
              "duration": 4164,
              "state": "failed",
              "speed": null,
              "pass": false,
              "fail": true,
              "pending": false,
              "context": null,
              "code": "_garagePage.garagePage.addCar('Audi', 'A6', '20000');\n_expensesPage.expensesPage.addFuelExpense('50', '75');",
              "err": {
                "message": "CypressError: `cy.type()` can only accept a string or number. You passed in: `undefined`\n\nhttps://on.cypress.io/type\n\nBecause this error occurred during a `before all` hook we are skipping the remaining tests in the current suite: `Garage and Expenses Tests`",
                "estack": "CypressError: `cy.type()` can only accept a string or number. You passed in: `undefined`\n\nhttps://on.cypress.io/type\n\nBecause this error occurred during a `before all` hook we are skipping the remaining tests in the current suite: `Garage and Expenses Tests`\nat type (https://qauto.forstudy.space/__cypress/runner/cypress_runner.js:115466:68)\nat originalFn (https://qauto.forstudy.space/__cypress/runner/cypress_runner.js:112198:30)\nat ./cypress/support/commands.js (webpack:///./cypress/support/commands.js:10:11)\nat __webpack_modules__</create/overwrite/overridden.fn (https://qauto.forstudy.space/__cypress/runner/cypress_runner.js:112203:21)\nat wrapped (https://qauto.forstudy.space/__cypress/runner/cypress_runner.js:140158:19)\nFrom Your Spec Code:\n    at  (webpack:///./cypress/e2e/Env.cy.js:7:27)",
                "diff": null
              },
              "uuid": "caeceda0-7539-444e-a9eb-adbc663b898f",
              "parentUUID": "e6544456-7990-49ca-bf58-04dc57a42968",
              "isHook": false,
              "skipped": false
            }
          ],
          "suites": [],
          "passes": [],
          "failures": [
            "caeceda0-7539-444e-a9eb-adbc663b898f"
          ],
          "pending": [],
          "skipped": [],
          "duration": 4164,
          "root": false,
          "rootEmpty": false,
          "_timeout": 2000
        }
      ],
      "passes": [],
      "failures": [],
      "pending": [],
      "skipped": [],
      "duration": 0,
      "root": true,
      "rootEmpty": true,
      "_timeout": 2000
    }
  ],
  "meta": {
    "mocha": {
      "version": "7.2.0"
    },
    "mochawesome": {
      "options": {
        "quiet": false,
        "reportFilename": "mochawesome",
        "saveHtml": false,
        "saveJson": true,
        "consoleReporter": "spec",
        "useInlineDiffs": false,
        "code": true
      },
      "version": "7.1.3"
    },
    "marge": {
      "options": {
        "reportDir": "cypress/reports",
        "overwrite": false,
        "html": false,
        "json": true
      },
      "version": "6.2.0"
    }
  }
}