{
  "stats": {
    "suites": 1,
    "tests": 13,
    "passes": 13,
    "pending": 0,
    "failures": 0,
    "start": "2025-05-06T11:11:54.712Z",
    "end": "2025-05-06T11:12:03.225Z",
    "duration": 8513,
    "testsRegistered": 13,
    "passPercent": 100,
    "pendingPercent": 0,
    "other": 0,
    "hasOther": false,
    "skipped": 0,
    "hasSkipped": false
  },
  "results": [
    {
      "uuid": "fa4476dd-5172-4b70-8d86-58bde12053c7",
      "title": "",
      "fullFile": "cypress/e2e/hillel.cy.js",
      "file": "cypress/e2e/hillel.cy.js",
      "beforeHooks": [],
      "afterHooks": [],
      "tests": [],
      "suites": [
        {
          "uuid": "e0e2b28f-26ab-4c98-8bad-e275967a72c3",
          "title": "Header and Footer elements",
          "fullFile": "",
          "file": "",
          "beforeHooks": [],
          "afterHooks": [],
          "tests": [
            {
              "title": "Should find \"Home\" in header",
              "fullTitle": "Header and Footer elements Should find \"Home\" in header",
              "timedOut": null,
              "duration": 1564,
              "state": "passed",
              "speed": "fast",
              "pass": true,
              "fail": false,
              "pending": false,
              "context": null,
              "code": "cy.get('.-active').should('contain', 'Home').should('be.visible');",
              "err": {},
              "uuid": "46e5d24f-321e-400d-bb1a-1f2048253f62",
              "parentUUID": "e0e2b28f-26ab-4c98-8bad-e275967a72c3",
              "isHook": false,
              "skipped": false
            },
            {
              "title": "Should find \"About\" in header",
              "fullTitle": "Header and Footer elements Should find \"About\" in header",
              "timedOut": null,
              "duration": 409,
              "state": "passed",
              "speed": "fast",
              "pass": true,
              "fail": false,
              "pending": false,
              "context": null,
              "code": "cy.get('[appscrollto=\"aboutSection\"]').should('contain', 'About').should('be.visible');",
              "err": {},
              "uuid": "e671e2f3-d07f-4922-8d6f-36066ccea140",
              "parentUUID": "e0e2b28f-26ab-4c98-8bad-e275967a72c3",
              "isHook": false,
              "skipped": false
            },
            {
              "title": "Should find \"Contacts\" in header",
              "fullTitle": "Header and Footer elements Should find \"Contacts\" in header",
              "timedOut": null,
              "duration": 397,
              "state": "passed",
              "speed": "fast",
              "pass": true,
              "fail": false,
              "pending": false,
              "context": null,
              "code": "cy.get('[appscrollto=\"contactsSection\"]').should('contain', 'Contacts').should('be.visible');",
              "err": {},
              "uuid": "3aa383ef-793f-4691-a35f-0dc93704b50b",
              "parentUUID": "e0e2b28f-26ab-4c98-8bad-e275967a72c3",
              "isHook": false,
              "skipped": false
            },
            {
              "title": "Should find \"Guest Log In\"",
              "fullTitle": "Header and Footer elements Should find \"Guest Log In\"",
              "timedOut": null,
              "duration": 531,
              "state": "passed",
              "speed": "fast",
              "pass": true,
              "fail": false,
              "pending": false,
              "context": null,
              "code": "cy.get('.header_right > .header-link').should('contain', 'Guest log in').should('be.visible').and('not.be.disabled').click();",
              "err": {},
              "uuid": "2f48dc8b-4bbb-4ecf-8c25-dcf20b282cff",
              "parentUUID": "e0e2b28f-26ab-4c98-8bad-e275967a72c3",
              "isHook": false,
              "skipped": false
            },
            {
              "title": "Should find \"Sign In\"",
              "fullTitle": "Header and Footer elements Should find \"Sign In\"",
              "timedOut": null,
              "duration": 501,
              "state": "passed",
              "speed": "fast",
              "pass": true,
              "fail": false,
              "pending": false,
              "context": null,
              "code": "cy.get('.header_right > .btn').should('be.visible').and('not.be.disabled').click();",
              "err": {},
              "uuid": "b65e995c-0ced-460f-b6d9-4af50b066749",
              "parentUUID": "e0e2b28f-26ab-4c98-8bad-e275967a72c3",
              "isHook": false,
              "skipped": false
            },
            {
              "title": "Should find \"Sign Up\"",
              "fullTitle": "Header and Footer elements Should find \"Sign Up\"",
              "timedOut": null,
              "duration": 508,
              "state": "passed",
              "speed": "fast",
              "pass": true,
              "fail": false,
              "pending": false,
              "context": null,
              "code": "cy.get('.hero-descriptor_btn').should('be.visible').and('not.be.disabled').click();",
              "err": {},
              "uuid": "f2cbe96f-7eaf-4e23-ad0e-171d380fdeaf",
              "parentUUID": "e0e2b28f-26ab-4c98-8bad-e275967a72c3",
              "isHook": false,
              "skipped": false
            },
            {
              "title": "Should find facebook button",
              "fullTitle": "Header and Footer elements Should find facebook button",
              "timedOut": null,
              "duration": 491,
              "state": "passed",
              "speed": "fast",
              "pass": true,
              "fail": false,
              "pending": false,
              "context": null,
              "code": "cy.get('[href=\"https://www.facebook.com/Hillel.IT.School\"] > .socials_icon').should('be.visible').and('not.be.disabled').click();",
              "err": {},
              "uuid": "22a5196d-320d-4abb-bc2a-f7d77347a45b",
              "parentUUID": "e0e2b28f-26ab-4c98-8bad-e275967a72c3",
              "isHook": false,
              "skipped": false
            },
            {
              "title": "Should find telegram button",
              "fullTitle": "Header and Footer elements Should find telegram button",
              "timedOut": null,
              "duration": 489,
              "state": "passed",
              "speed": "fast",
              "pass": true,
              "fail": false,
              "pending": false,
              "context": null,
              "code": "cy.get('[href=\"https://t.me/ithillel_kyiv\"] > .socials_icon').should('be.visible').and('not.be.disabled').click();",
              "err": {},
              "uuid": "cef7691f-2963-47b6-acf3-70e868242f6a",
              "parentUUID": "e0e2b28f-26ab-4c98-8bad-e275967a72c3",
              "isHook": false,
              "skipped": false
            },
            {
              "title": "Should find YouTube button",
              "fullTitle": "Header and Footer elements Should find YouTube button",
              "timedOut": null,
              "duration": 511,
              "state": "passed",
              "speed": "fast",
              "pass": true,
              "fail": false,
              "pending": false,
              "context": null,
              "code": "cy.get('[href=\"https://www.youtube.com/user/HillelITSchool?sub_confirmation=1\"] > .socials_icon').should('be.visible').and('not.be.disabled').click();",
              "err": {},
              "uuid": "85620337-a3e1-4b32-843b-8d685dc74697",
              "parentUUID": "e0e2b28f-26ab-4c98-8bad-e275967a72c3",
              "isHook": false,
              "skipped": false
            },
            {
              "title": "Should find Instagramm button",
              "fullTitle": "Header and Footer elements Should find Instagramm button",
              "timedOut": null,
              "duration": 498,
              "state": "passed",
              "speed": "fast",
              "pass": true,
              "fail": false,
              "pending": false,
              "context": null,
              "code": "cy.get('[href=\"https://www.instagram.com/hillel_itschool/\"] > .socials_icon').should('be.visible').and('not.be.disabled').click();",
              "err": {},
              "uuid": "1fcf094e-b4c5-498b-817c-d9c1e60a5a0e",
              "parentUUID": "e0e2b28f-26ab-4c98-8bad-e275967a72c3",
              "isHook": false,
              "skipped": false
            },
            {
              "title": "Should find LinkedIn button",
              "fullTitle": "Header and Footer elements Should find LinkedIn button",
              "timedOut": null,
              "duration": 498,
              "state": "passed",
              "speed": "fast",
              "pass": true,
              "fail": false,
              "pending": false,
              "context": null,
              "code": "cy.get('[href=\"https://www.linkedin.com/school/ithillel/\"] > .socials_icon').should('be.visible').and('not.be.disabled').click();",
              "err": {},
              "uuid": "1ca6303e-7ca3-40c8-af2b-8641b4610634",
              "parentUUID": "e0e2b28f-26ab-4c98-8bad-e275967a72c3",
              "isHook": false,
              "skipped": false
            },
            {
              "title": "Should go to the school site",
              "fullTitle": "Header and Footer elements Should go to the school site",
              "timedOut": null,
              "duration": 484,
              "state": "passed",
              "speed": "fast",
              "pass": true,
              "fail": false,
              "pending": false,
              "context": null,
              "code": "cy.get('.display-4').should('be.visible').and('not.be.disabled').click();",
              "err": {},
              "uuid": "f840529e-bbac-457a-b032-e89592fad4d2",
              "parentUUID": "e0e2b28f-26ab-4c98-8bad-e275967a72c3",
              "isHook": false,
              "skipped": false
            },
            {
              "title": "Should go to the developer e-mail",
              "fullTitle": "Header and Footer elements Should go to the developer e-mail",
              "timedOut": null,
              "duration": 404,
              "state": "passed",
              "speed": "fast",
              "pass": true,
              "fail": false,
              "pending": false,
              "context": null,
              "code": "cy.get('.h4', {\n  timeout: 10000\n}).should('be.visible').and('not.be.disabled');",
              "err": {},
              "uuid": "97469843-7c09-4155-bb69-8885ed279356",
              "parentUUID": "e0e2b28f-26ab-4c98-8bad-e275967a72c3",
              "isHook": false,
              "skipped": false
            }
          ],
          "suites": [],
          "passes": [
            "46e5d24f-321e-400d-bb1a-1f2048253f62",
            "e671e2f3-d07f-4922-8d6f-36066ccea140",
            "3aa383ef-793f-4691-a35f-0dc93704b50b",
            "2f48dc8b-4bbb-4ecf-8c25-dcf20b282cff",
            "b65e995c-0ced-460f-b6d9-4af50b066749",
            "f2cbe96f-7eaf-4e23-ad0e-171d380fdeaf",
            "22a5196d-320d-4abb-bc2a-f7d77347a45b",
            "cef7691f-2963-47b6-acf3-70e868242f6a",
            "85620337-a3e1-4b32-843b-8d685dc74697",
            "1fcf094e-b4c5-498b-817c-d9c1e60a5a0e",
            "1ca6303e-7ca3-40c8-af2b-8641b4610634",
            "f840529e-bbac-457a-b032-e89592fad4d2",
            "97469843-7c09-4155-bb69-8885ed279356"
          ],
          "failures": [],
          "pending": [],
          "skipped": [],
          "duration": 7285,
          "root": false,
          "rootEmpty": false,
          "_timeout": 2000
        }
      ],
      "passes": [],
      "failures": [],
      "pending": [],
      "skipped": [],
      "duration": 0,
      "root": true,
      "rootEmpty": true,
      "_timeout": 2000
    }
  ],
  "meta": {
    "mocha": {
      "version": "7.2.0"
    },
    "mochawesome": {
      "options": {
        "quiet": false,
        "reportFilename": "mochawesome",
        "saveHtml": false,
        "saveJson": true,
        "consoleReporter": "spec",
        "useInlineDiffs": false,
        "code": true
      },
      "version": "7.1.3"
    },
    "marge": {
      "options": {
        "reportDir": "cypress/reports",
        "overwrite": false,
        "html": false,
        "json": true
      },
      "version": "6.2.0"
    }
  }
}