{
  "stats": {
    "suites": 1,
    "tests": 13,
    "passes": 13,
    "pending": 0,
    "failures": 0,
    "start": "2025-05-06T11:30:17.652Z",
    "end": "2025-05-06T11:30:26.054Z",
    "duration": 8402,
    "testsRegistered": 13,
    "passPercent": 100,
    "pendingPercent": 0,
    "other": 0,
    "hasOther": false,
    "skipped": 0,
    "hasSkipped": false
  },
  "results": [
    {
      "uuid": "c85ce367-a9b6-4e1e-bd0d-dd8001e9ef49",
      "title": "",
      "fullFile": "cypress/e2e/hillel.cy.js",
      "file": "cypress/e2e/hillel.cy.js",
      "beforeHooks": [],
      "afterHooks": [],
      "tests": [],
      "suites": [
        {
          "uuid": "23b8af1d-6902-4d8e-aa89-2929769b0fdb",
          "title": "Header and Footer elements",
          "fullFile": "",
          "file": "",
          "beforeHooks": [],
          "afterHooks": [],
          "tests": [
            {
              "title": "Should find \"Home\" in header",
              "fullTitle": "Header and Footer elements Should find \"Home\" in header",
              "timedOut": null,
              "duration": 1523,
              "state": "passed",
              "speed": "fast",
              "pass": true,
              "fail": false,
              "pending": false,
              "context": null,
              "code": "cy.get('.-active').should('contain', 'Home').should('be.visible');",
              "err": {},
              "uuid": "1b9f6b80-61c0-4316-8680-afc35274a4a5",
              "parentUUID": "23b8af1d-6902-4d8e-aa89-2929769b0fdb",
              "isHook": false,
              "skipped": false
            },
            {
              "title": "Should find \"About\" in header",
              "fullTitle": "Header and Footer elements Should find \"About\" in header",
              "timedOut": null,
              "duration": 413,
              "state": "passed",
              "speed": "fast",
              "pass": true,
              "fail": false,
              "pending": false,
              "context": null,
              "code": "cy.get('[appscrollto=\"aboutSection\"]').should('contain', 'About').should('be.visible');",
              "err": {},
              "uuid": "bdf28436-8175-4645-9b1f-a3c57bed50c5",
              "parentUUID": "23b8af1d-6902-4d8e-aa89-2929769b0fdb",
              "isHook": false,
              "skipped": false
            },
            {
              "title": "Should find \"Contacts\" in header",
              "fullTitle": "Header and Footer elements Should find \"Contacts\" in header",
              "timedOut": null,
              "duration": 265,
              "state": "passed",
              "speed": "fast",
              "pass": true,
              "fail": false,
              "pending": false,
              "context": null,
              "code": "cy.get('[appscrollto=\"contactsSection\"]').should('contain', 'Contacts').should('be.visible');",
              "err": {},
              "uuid": "35188376-72f3-4d94-8876-318a00eaa655",
              "parentUUID": "23b8af1d-6902-4d8e-aa89-2929769b0fdb",
              "isHook": false,
              "skipped": false
            },
            {
              "title": "Should find \"Guest Log In\"",
              "fullTitle": "Header and Footer elements Should find \"Guest Log In\"",
              "timedOut": null,
              "duration": 504,
              "state": "passed",
              "speed": "fast",
              "pass": true,
              "fail": false,
              "pending": false,
              "context": null,
              "code": "cy.get('.header_right > .header-link').should('contain', 'Guest log in').should('be.visible').and('not.be.disabled').click();",
              "err": {},
              "uuid": "1192b3bd-ac00-4d28-b2e9-7655070e4f82",
              "parentUUID": "23b8af1d-6902-4d8e-aa89-2929769b0fdb",
              "isHook": false,
              "skipped": false
            },
            {
              "title": "Should find \"Sign In\"",
              "fullTitle": "Header and Footer elements Should find \"Sign In\"",
              "timedOut": null,
              "duration": 496,
              "state": "passed",
              "speed": "fast",
              "pass": true,
              "fail": false,
              "pending": false,
              "context": null,
              "code": "cy.get('.header_right > .btn').should('be.visible').and('not.be.disabled').click();",
              "err": {},
              "uuid": "8a3294cf-8272-441d-8497-10244524dec1",
              "parentUUID": "23b8af1d-6902-4d8e-aa89-2929769b0fdb",
              "isHook": false,
              "skipped": false
            },
            {
              "title": "Should find \"Sign Up\"",
              "fullTitle": "Header and Footer elements Should find \"Sign Up\"",
              "timedOut": null,
              "duration": 505,
              "state": "passed",
              "speed": "fast",
              "pass": true,
              "fail": false,
              "pending": false,
              "context": null,
              "code": "cy.get('.hero-descriptor_btn').should('be.visible').and('not.be.disabled').click();",
              "err": {},
              "uuid": "cf86b62e-5003-4f5e-a724-41c4ac498737",
              "parentUUID": "23b8af1d-6902-4d8e-aa89-2929769b0fdb",
              "isHook": false,
              "skipped": false
            },
            {
              "title": "Should find facebook button",
              "fullTitle": "Header and Footer elements Should find facebook button",
              "timedOut": null,
              "duration": 474,
              "state": "passed",
              "speed": "fast",
              "pass": true,
              "fail": false,
              "pending": false,
              "context": null,
              "code": "cy.get('[href=\"https://www.facebook.com/Hillel.IT.School\"] > .socials_icon').should('be.visible').and('not.be.disabled').click();",
              "err": {},
              "uuid": "05e98c5d-0197-4591-864c-2e8b91b7d2db",
              "parentUUID": "23b8af1d-6902-4d8e-aa89-2929769b0fdb",
              "isHook": false,
              "skipped": false
            },
            {
              "title": "Should find telegram button",
              "fullTitle": "Header and Footer elements Should find telegram button",
              "timedOut": null,
              "duration": 503,
              "state": "passed",
              "speed": "fast",
              "pass": true,
              "fail": false,
              "pending": false,
              "context": null,
              "code": "cy.get('[href=\"https://t.me/ithillel_kyiv\"] > .socials_icon').should('be.visible').and('not.be.disabled').click();",
              "err": {},
              "uuid": "24f1d10c-a70a-4d0d-837d-13d99f2fa262",
              "parentUUID": "23b8af1d-6902-4d8e-aa89-2929769b0fdb",
              "isHook": false,
              "skipped": false
            },
            {
              "title": "Should find YouTube button",
              "fullTitle": "Header and Footer elements Should find YouTube button",
              "timedOut": null,
              "duration": 485,
              "state": "passed",
              "speed": "fast",
              "pass": true,
              "fail": false,
              "pending": false,
              "context": null,
              "code": "cy.get('[href=\"https://www.youtube.com/user/HillelITSchool?sub_confirmation=1\"] > .socials_icon').should('be.visible').and('not.be.disabled').click();",
              "err": {},
              "uuid": "4f278045-253f-4046-8bfc-2bb5c7ef4d49",
              "parentUUID": "23b8af1d-6902-4d8e-aa89-2929769b0fdb",
              "isHook": false,
              "skipped": false
            },
            {
              "title": "Should find Instagramm button",
              "fullTitle": "Header and Footer elements Should find Instagramm button",
              "timedOut": null,
              "duration": 510,
              "state": "passed",
              "speed": "fast",
              "pass": true,
              "fail": false,
              "pending": false,
              "context": null,
              "code": "cy.get('[href=\"https://www.instagram.com/hillel_itschool/\"] > .socials_icon').should('be.visible').and('not.be.disabled').click();",
              "err": {},
              "uuid": "55e5c663-153a-439c-b1ce-25cd6c563d1c",
              "parentUUID": "23b8af1d-6902-4d8e-aa89-2929769b0fdb",
              "isHook": false,
              "skipped": false
            },
            {
              "title": "Should find LinkedIn button",
              "fullTitle": "Header and Footer elements Should find LinkedIn button",
              "timedOut": null,
              "duration": 518,
              "state": "passed",
              "speed": "fast",
              "pass": true,
              "fail": false,
              "pending": false,
              "context": null,
              "code": "cy.get('[href=\"https://www.linkedin.com/school/ithillel/\"] > .socials_icon').should('be.visible').and('not.be.disabled').click();",
              "err": {},
              "uuid": "2e587e55-8b45-44b1-bff3-cbd7b9d995b6",
              "parentUUID": "23b8af1d-6902-4d8e-aa89-2929769b0fdb",
              "isHook": false,
              "skipped": false
            },
            {
              "title": "Should go to the school site",
              "fullTitle": "Header and Footer elements Should go to the school site",
              "timedOut": null,
              "duration": 523,
              "state": "passed",
              "speed": "fast",
              "pass": true,
              "fail": false,
              "pending": false,
              "context": null,
              "code": "cy.get('.display-4').should('be.visible').and('not.be.disabled').click();",
              "err": {},
              "uuid": "cd8d330f-e7e7-4835-8fc6-beeb950e8aaa",
              "parentUUID": "23b8af1d-6902-4d8e-aa89-2929769b0fdb",
              "isHook": false,
              "skipped": false
            },
            {
              "title": "Should go to the developer e-mail",
              "fullTitle": "Header and Footer elements Should go to the developer e-mail",
              "timedOut": null,
              "duration": 423,
              "state": "passed",
              "speed": "fast",
              "pass": true,
              "fail": false,
              "pending": false,
              "context": null,
              "code": "cy.get('.h4', {\n  timeout: 10000\n}).should('be.visible').and('not.be.disabled');",
              "err": {},
              "uuid": "e60bb44a-a07d-4ef5-bfb0-2025c8e23b18",
              "parentUUID": "23b8af1d-6902-4d8e-aa89-2929769b0fdb",
              "isHook": false,
              "skipped": false
            }
          ],
          "suites": [],
          "passes": [
            "1b9f6b80-61c0-4316-8680-afc35274a4a5",
            "bdf28436-8175-4645-9b1f-a3c57bed50c5",
            "35188376-72f3-4d94-8876-318a00eaa655",
            "1192b3bd-ac00-4d28-b2e9-7655070e4f82",
            "8a3294cf-8272-441d-8497-10244524dec1",
            "cf86b62e-5003-4f5e-a724-41c4ac498737",
            "05e98c5d-0197-4591-864c-2e8b91b7d2db",
            "24f1d10c-a70a-4d0d-837d-13d99f2fa262",
            "4f278045-253f-4046-8bfc-2bb5c7ef4d49",
            "55e5c663-153a-439c-b1ce-25cd6c563d1c",
            "2e587e55-8b45-44b1-bff3-cbd7b9d995b6",
            "cd8d330f-e7e7-4835-8fc6-beeb950e8aaa",
            "e60bb44a-a07d-4ef5-bfb0-2025c8e23b18"
          ],
          "failures": [],
          "pending": [],
          "skipped": [],
          "duration": 7142,
          "root": false,
          "rootEmpty": false,
          "_timeout": 2000
        }
      ],
      "passes": [],
      "failures": [],
      "pending": [],
      "skipped": [],
      "duration": 0,
      "root": true,
      "rootEmpty": true,
      "_timeout": 2000
    }
  ],
  "meta": {
    "mocha": {
      "version": "7.2.0"
    },
    "mochawesome": {
      "options": {
        "quiet": false,
        "reportFilename": "mochawesome",
        "saveHtml": false,
        "saveJson": true,
        "consoleReporter": "spec",
        "useInlineDiffs": false,
        "code": true
      },
      "version": "7.1.3"
    },
    "marge": {
      "options": {
        "reportDir": "cypress/reports",
        "overwrite": false,
        "html": false,
        "json": true
      },
      "version": "6.2.0"
    }
  }
}