{
  "stats": {
    "suites": 1,
    "tests": 13,
    "passes": 13,
    "pending": 0,
    "failures": 0,
    "start": "2025-06-06T14:51:22.468Z",
    "end": "2025-06-06T14:51:33.945Z",
    "duration": 11477,
    "testsRegistered": 13,
    "passPercent": 100,
    "pendingPercent": 0,
    "other": 0,
    "hasOther": false,
    "skipped": 0,
    "hasSkipped": false
  },
  "results": [
    {
      "uuid": "3fff31c1-6265-4a3a-9e77-89c408f72928",
      "title": "",
      "fullFile": "cypress/e2e/hillel.cy.js",
      "file": "cypress/e2e/hillel.cy.js",
      "beforeHooks": [],
      "afterHooks": [],
      "tests": [],
      "suites": [
        {
          "uuid": "1e7236c1-ce9b-4d48-b497-d4bbf84cd088",
          "title": "Header and Footer elements",
          "fullFile": "",
          "file": "",
          "beforeHooks": [],
          "afterHooks": [],
          "tests": [
            {
              "title": "Should find \"Home\" in header",
              "fullTitle": "Header and Footer elements Should find \"Home\" in header",
              "timedOut": null,
              "duration": 2819,
              "state": "passed",
              "speed": "fast",
              "pass": true,
              "fail": false,
              "pending": false,
              "context": null,
              "code": "cy.get('.-active').should('contain', 'Home').should('be.visible');",
              "err": {},
              "uuid": "af87e50d-a711-4d8e-83a4-37b1bd7de913",
              "parentUUID": "1e7236c1-ce9b-4d48-b497-d4bbf84cd088",
              "isHook": false,
              "skipped": false
            },
            {
              "title": "Should find \"About\" in header",
              "fullTitle": "Header and Footer elements Should find \"About\" in header",
              "timedOut": null,
              "duration": 456,
              "state": "passed",
              "speed": "fast",
              "pass": true,
              "fail": false,
              "pending": false,
              "context": null,
              "code": "cy.get('[appscrollto=\"aboutSection\"]').should('contain', 'About').should('be.visible');",
              "err": {},
              "uuid": "77407ac8-8ad9-415f-a039-0f2c39b7bbd4",
              "parentUUID": "1e7236c1-ce9b-4d48-b497-d4bbf84cd088",
              "isHook": false,
              "skipped": false
            },
            {
              "title": "Should find \"Contacts\" in header",
              "fullTitle": "Header and Footer elements Should find \"Contacts\" in header",
              "timedOut": null,
              "duration": 472,
              "state": "passed",
              "speed": "fast",
              "pass": true,
              "fail": false,
              "pending": false,
              "context": null,
              "code": "cy.get('[appscrollto=\"contactsSection\"]').should('contain', 'Contacts').should('be.visible');",
              "err": {},
              "uuid": "2f5aedda-3f05-453a-b5dc-a1b016f590b6",
              "parentUUID": "1e7236c1-ce9b-4d48-b497-d4bbf84cd088",
              "isHook": false,
              "skipped": false
            },
            {
              "title": "Should find \"Guest Log In\"",
              "fullTitle": "Header and Footer elements Should find \"Guest Log In\"",
              "timedOut": null,
              "duration": 972,
              "state": "passed",
              "speed": "fast",
              "pass": true,
              "fail": false,
              "pending": false,
              "context": null,
              "code": "cy.get('.header_right > .header-link').should('contain', 'Guest log in').should('be.visible').and('not.be.disabled').click();",
              "err": {},
              "uuid": "69418c8f-c8b9-4936-9492-0d9a81394818",
              "parentUUID": "1e7236c1-ce9b-4d48-b497-d4bbf84cd088",
              "isHook": false,
              "skipped": false
            },
            {
              "title": "Should find \"Sign In\"",
              "fullTitle": "Header and Footer elements Should find \"Sign In\"",
              "timedOut": null,
              "duration": 410,
              "state": "passed",
              "speed": "fast",
              "pass": true,
              "fail": false,
              "pending": false,
              "context": null,
              "code": "cy.get('.header_right > .btn').should('be.visible').and('not.be.disabled').click();",
              "err": {},
              "uuid": "2f1e23b4-e990-4c6f-9ada-c0a7098ea258",
              "parentUUID": "1e7236c1-ce9b-4d48-b497-d4bbf84cd088",
              "isHook": false,
              "skipped": false
            },
            {
              "title": "Should find \"Sign Up\"",
              "fullTitle": "Header and Footer elements Should find \"Sign Up\"",
              "timedOut": null,
              "duration": 548,
              "state": "passed",
              "speed": "fast",
              "pass": true,
              "fail": false,
              "pending": false,
              "context": null,
              "code": "cy.get('.hero-descriptor_btn').should('be.visible').and('not.be.disabled').click();",
              "err": {},
              "uuid": "3bdefed0-e76d-43d1-9db5-b092a6fae7e8",
              "parentUUID": "1e7236c1-ce9b-4d48-b497-d4bbf84cd088",
              "isHook": false,
              "skipped": false
            },
            {
              "title": "Should find facebook button",
              "fullTitle": "Header and Footer elements Should find facebook button",
              "timedOut": null,
              "duration": 554,
              "state": "passed",
              "speed": "fast",
              "pass": true,
              "fail": false,
              "pending": false,
              "context": null,
              "code": "cy.get('[href=\"https://www.facebook.com/Hillel.IT.School\"] > .socials_icon').should('be.visible').and('not.be.disabled').click();",
              "err": {},
              "uuid": "1f5ebbe1-4399-4c08-87fa-0ca5c4e24baf",
              "parentUUID": "1e7236c1-ce9b-4d48-b497-d4bbf84cd088",
              "isHook": false,
              "skipped": false
            },
            {
              "title": "Should find telegram button",
              "fullTitle": "Header and Footer elements Should find telegram button",
              "timedOut": null,
              "duration": 607,
              "state": "passed",
              "speed": "fast",
              "pass": true,
              "fail": false,
              "pending": false,
              "context": null,
              "code": "cy.get('[href=\"https://t.me/ithillel_kyiv\"] > .socials_icon').should('be.visible').and('not.be.disabled').click();",
              "err": {},
              "uuid": "423c158f-232a-4d5a-b9f7-1cdba2cc2f27",
              "parentUUID": "1e7236c1-ce9b-4d48-b497-d4bbf84cd088",
              "isHook": false,
              "skipped": false
            },
            {
              "title": "Should find YouTube button",
              "fullTitle": "Header and Footer elements Should find YouTube button",
              "timedOut": null,
              "duration": 682,
              "state": "passed",
              "speed": "fast",
              "pass": true,
              "fail": false,
              "pending": false,
              "context": null,
              "code": "cy.get('[href=\"https://www.youtube.com/user/HillelITSchool?sub_confirmation=1\"] > .socials_icon').should('be.visible').and('not.be.disabled').click();",
              "err": {},
              "uuid": "31963761-3116-4601-8320-7a72e1d22870",
              "parentUUID": "1e7236c1-ce9b-4d48-b497-d4bbf84cd088",
              "isHook": false,
              "skipped": false
            },
            {
              "title": "Should find Instagramm button",
              "fullTitle": "Header and Footer elements Should find Instagramm button",
              "timedOut": null,
              "duration": 1086,
              "state": "passed",
              "speed": "fast",
              "pass": true,
              "fail": false,
              "pending": false,
              "context": null,
              "code": "cy.get('[href=\"https://www.instagram.com/hillel_itschool/\"] > .socials_icon').should('be.visible').and('not.be.disabled').click();",
              "err": {},
              "uuid": "687b2665-400c-428d-be93-7d5023a8d362",
              "parentUUID": "1e7236c1-ce9b-4d48-b497-d4bbf84cd088",
              "isHook": false,
              "skipped": false
            },
            {
              "title": "Should find LinkedIn button",
              "fullTitle": "Header and Footer elements Should find LinkedIn button",
              "timedOut": null,
              "duration": 485,
              "state": "passed",
              "speed": "fast",
              "pass": true,
              "fail": false,
              "pending": false,
              "context": null,
              "code": "cy.get('[href=\"https://www.linkedin.com/school/ithillel/\"] > .socials_icon').should('be.visible').and('not.be.disabled').click();",
              "err": {},
              "uuid": "aef050cf-a4ea-466b-b59f-8869185d531a",
              "parentUUID": "1e7236c1-ce9b-4d48-b497-d4bbf84cd088",
              "isHook": false,
              "skipped": false
            },
            {
              "title": "Should go to the school site",
              "fullTitle": "Header and Footer elements Should go to the school site",
              "timedOut": null,
              "duration": 842,
              "state": "passed",
              "speed": "fast",
              "pass": true,
              "fail": false,
              "pending": false,
              "context": null,
              "code": "cy.get('.display-4').should('be.visible').and('not.be.disabled').click();",
              "err": {},
              "uuid": "c65584be-e99f-401e-a83a-1231a923bcc6",
              "parentUUID": "1e7236c1-ce9b-4d48-b497-d4bbf84cd088",
              "isHook": false,
              "skipped": false
            },
            {
              "title": "Should go to the developer e-mail",
              "fullTitle": "Header and Footer elements Should go to the developer e-mail",
              "timedOut": null,
              "duration": 617,
              "state": "passed",
              "speed": "fast",
              "pass": true,
              "fail": false,
              "pending": false,
              "context": null,
              "code": "cy.get('.h4', {\n  timeout: 10000\n}).should('be.visible').and('not.be.disabled');",
              "err": {},
              "uuid": "b9434837-0399-4ce4-aaf6-e6dae37390d5",
              "parentUUID": "1e7236c1-ce9b-4d48-b497-d4bbf84cd088",
              "isHook": false,
              "skipped": false
            }
          ],
          "suites": [],
          "passes": [
            "af87e50d-a711-4d8e-83a4-37b1bd7de913",
            "77407ac8-8ad9-415f-a039-0f2c39b7bbd4",
            "2f5aedda-3f05-453a-b5dc-a1b016f590b6",
            "69418c8f-c8b9-4936-9492-0d9a81394818",
            "2f1e23b4-e990-4c6f-9ada-c0a7098ea258",
            "3bdefed0-e76d-43d1-9db5-b092a6fae7e8",
            "1f5ebbe1-4399-4c08-87fa-0ca5c4e24baf",
            "423c158f-232a-4d5a-b9f7-1cdba2cc2f27",
            "31963761-3116-4601-8320-7a72e1d22870",
            "687b2665-400c-428d-be93-7d5023a8d362",
            "aef050cf-a4ea-466b-b59f-8869185d531a",
            "c65584be-e99f-401e-a83a-1231a923bcc6",
            "b9434837-0399-4ce4-aaf6-e6dae37390d5"
          ],
          "failures": [],
          "pending": [],
          "skipped": [],
          "duration": 10550,
          "root": false,
          "rootEmpty": false,
          "_timeout": 2000
        }
      ],
      "passes": [],
      "failures": [],
      "pending": [],
      "skipped": [],
      "duration": 0,
      "root": true,
      "rootEmpty": true,
      "_timeout": 2000
    }
  ],
  "meta": {
    "mocha": {
      "version": "7.2.0"
    },
    "mochawesome": {
      "options": {
        "quiet": false,
        "reportFilename": "mochawesome",
        "saveHtml": false,
        "saveJson": true,
        "consoleReporter": "spec",
        "useInlineDiffs": false,
        "code": true
      },
      "version": "7.1.3"
    },
    "marge": {
      "options": {
        "reportDir": "cypress/reports",
        "overwrite": false,
        "html": false,
        "json": true
      },
      "version": "6.2.0"
    }
  }
}