{
  "stats": {
    "suites": 1,
    "tests": 13,
    "passes": 13,
    "pending": 0,
    "failures": 0,
    "start": "2025-05-06T11:36:22.206Z",
    "end": "2025-05-06T11:36:30.486Z",
    "duration": 8280,
    "testsRegistered": 13,
    "passPercent": 100,
    "pendingPercent": 0,
    "other": 0,
    "hasOther": false,
    "skipped": 0,
    "hasSkipped": false
  },
  "results": [
    {
      "uuid": "635b4909-b8d8-47ba-a250-caf864cfd4f7",
      "title": "",
      "fullFile": "cypress/e2e/hillel.cy.js",
      "file": "cypress/e2e/hillel.cy.js",
      "beforeHooks": [],
      "afterHooks": [],
      "tests": [],
      "suites": [
        {
          "uuid": "d6c3b576-ae2e-42b3-a5b4-9cf6d2bbf2ba",
          "title": "Header and Footer elements",
          "fullFile": "",
          "file": "",
          "beforeHooks": [],
          "afterHooks": [],
          "tests": [
            {
              "title": "Should find \"Home\" in header",
              "fullTitle": "Header and Footer elements Should find \"Home\" in header",
              "timedOut": null,
              "duration": 1528,
              "state": "passed",
              "speed": "fast",
              "pass": true,
              "fail": false,
              "pending": false,
              "context": null,
              "code": "cy.get('.-active').should('contain', 'Home').should('be.visible');",
              "err": {},
              "uuid": "3cd01477-3069-4aa1-bb08-0c302675ba2d",
              "parentUUID": "d6c3b576-ae2e-42b3-a5b4-9cf6d2bbf2ba",
              "isHook": false,
              "skipped": false
            },
            {
              "title": "Should find \"About\" in header",
              "fullTitle": "Header and Footer elements Should find \"About\" in header",
              "timedOut": null,
              "duration": 414,
              "state": "passed",
              "speed": "fast",
              "pass": true,
              "fail": false,
              "pending": false,
              "context": null,
              "code": "cy.get('[appscrollto=\"aboutSection\"]').should('contain', 'About').should('be.visible');",
              "err": {},
              "uuid": "7521ee92-e9ea-4977-81ad-1b1e72161593",
              "parentUUID": "d6c3b576-ae2e-42b3-a5b4-9cf6d2bbf2ba",
              "isHook": false,
              "skipped": false
            },
            {
              "title": "Should find \"Contacts\" in header",
              "fullTitle": "Header and Footer elements Should find \"Contacts\" in header",
              "timedOut": null,
              "duration": 279,
              "state": "passed",
              "speed": "fast",
              "pass": true,
              "fail": false,
              "pending": false,
              "context": null,
              "code": "cy.get('[appscrollto=\"contactsSection\"]').should('contain', 'Contacts').should('be.visible');",
              "err": {},
              "uuid": "f259c604-fe97-43f7-9515-bfbc12dd12c0",
              "parentUUID": "d6c3b576-ae2e-42b3-a5b4-9cf6d2bbf2ba",
              "isHook": false,
              "skipped": false
            },
            {
              "title": "Should find \"Guest Log In\"",
              "fullTitle": "Header and Footer elements Should find \"Guest Log In\"",
              "timedOut": null,
              "duration": 498,
              "state": "passed",
              "speed": "fast",
              "pass": true,
              "fail": false,
              "pending": false,
              "context": null,
              "code": "cy.get('.header_right > .header-link').should('contain', 'Guest log in').should('be.visible').and('not.be.disabled').click();",
              "err": {},
              "uuid": "dfb4bd49-7812-4e65-a43d-f776769cdddf",
              "parentUUID": "d6c3b576-ae2e-42b3-a5b4-9cf6d2bbf2ba",
              "isHook": false,
              "skipped": false
            },
            {
              "title": "Should find \"Sign In\"",
              "fullTitle": "Header and Footer elements Should find \"Sign In\"",
              "timedOut": null,
              "duration": 478,
              "state": "passed",
              "speed": "fast",
              "pass": true,
              "fail": false,
              "pending": false,
              "context": null,
              "code": "cy.get('.header_right > .btn').should('be.visible').and('not.be.disabled').click();",
              "err": {},
              "uuid": "29e931e8-8201-4080-8d56-5bb79c20c32c",
              "parentUUID": "d6c3b576-ae2e-42b3-a5b4-9cf6d2bbf2ba",
              "isHook": false,
              "skipped": false
            },
            {
              "title": "Should find \"Sign Up\"",
              "fullTitle": "Header and Footer elements Should find \"Sign Up\"",
              "timedOut": null,
              "duration": 498,
              "state": "passed",
              "speed": "fast",
              "pass": true,
              "fail": false,
              "pending": false,
              "context": null,
              "code": "cy.get('.hero-descriptor_btn').should('be.visible').and('not.be.disabled').click();",
              "err": {},
              "uuid": "229bf6f2-3508-4369-8d7a-17719d5fb5c2",
              "parentUUID": "d6c3b576-ae2e-42b3-a5b4-9cf6d2bbf2ba",
              "isHook": false,
              "skipped": false
            },
            {
              "title": "Should find facebook button",
              "fullTitle": "Header and Footer elements Should find facebook button",
              "timedOut": null,
              "duration": 479,
              "state": "passed",
              "speed": "fast",
              "pass": true,
              "fail": false,
              "pending": false,
              "context": null,
              "code": "cy.get('[href=\"https://www.facebook.com/Hillel.IT.School\"] > .socials_icon').should('be.visible').and('not.be.disabled').click();",
              "err": {},
              "uuid": "72595f7f-0c93-44f0-aea6-7489dcd9fdea",
              "parentUUID": "d6c3b576-ae2e-42b3-a5b4-9cf6d2bbf2ba",
              "isHook": false,
              "skipped": false
            },
            {
              "title": "Should find telegram button",
              "fullTitle": "Header and Footer elements Should find telegram button",
              "timedOut": null,
              "duration": 497,
              "state": "passed",
              "speed": "fast",
              "pass": true,
              "fail": false,
              "pending": false,
              "context": null,
              "code": "cy.get('[href=\"https://t.me/ithillel_kyiv\"] > .socials_icon').should('be.visible').and('not.be.disabled').click();",
              "err": {},
              "uuid": "742cb8f9-348a-44e4-a88c-c617deb4d866",
              "parentUUID": "d6c3b576-ae2e-42b3-a5b4-9cf6d2bbf2ba",
              "isHook": false,
              "skipped": false
            },
            {
              "title": "Should find YouTube button",
              "fullTitle": "Header and Footer elements Should find YouTube button",
              "timedOut": null,
              "duration": 476,
              "state": "passed",
              "speed": "fast",
              "pass": true,
              "fail": false,
              "pending": false,
              "context": null,
              "code": "cy.get('[href=\"https://www.youtube.com/user/HillelITSchool?sub_confirmation=1\"] > .socials_icon').should('be.visible').and('not.be.disabled').click();",
              "err": {},
              "uuid": "fc6b6972-4a9d-4e7b-8890-1a0d912ffdcf",
              "parentUUID": "d6c3b576-ae2e-42b3-a5b4-9cf6d2bbf2ba",
              "isHook": false,
              "skipped": false
            },
            {
              "title": "Should find Instagramm button",
              "fullTitle": "Header and Footer elements Should find Instagramm button",
              "timedOut": null,
              "duration": 498,
              "state": "passed",
              "speed": "fast",
              "pass": true,
              "fail": false,
              "pending": false,
              "context": null,
              "code": "cy.get('[href=\"https://www.instagram.com/hillel_itschool/\"] > .socials_icon').should('be.visible').and('not.be.disabled').click();",
              "err": {},
              "uuid": "3a9517d0-917f-4da5-93cb-53e71ff3d918",
              "parentUUID": "d6c3b576-ae2e-42b3-a5b4-9cf6d2bbf2ba",
              "isHook": false,
              "skipped": false
            },
            {
              "title": "Should find LinkedIn button",
              "fullTitle": "Header and Footer elements Should find LinkedIn button",
              "timedOut": null,
              "duration": 490,
              "state": "passed",
              "speed": "fast",
              "pass": true,
              "fail": false,
              "pending": false,
              "context": null,
              "code": "cy.get('[href=\"https://www.linkedin.com/school/ithillel/\"] > .socials_icon').should('be.visible').and('not.be.disabled').click();",
              "err": {},
              "uuid": "b8e03eaa-94da-4bfe-9bcb-06127c8db949",
              "parentUUID": "d6c3b576-ae2e-42b3-a5b4-9cf6d2bbf2ba",
              "isHook": false,
              "skipped": false
            },
            {
              "title": "Should go to the school site",
              "fullTitle": "Header and Footer elements Should go to the school site",
              "timedOut": null,
              "duration": 485,
              "state": "passed",
              "speed": "fast",
              "pass": true,
              "fail": false,
              "pending": false,
              "context": null,
              "code": "cy.get('.display-4').should('be.visible').and('not.be.disabled').click();",
              "err": {},
              "uuid": "8468b78f-52dc-4b26-a914-d776f4ce8a8b",
              "parentUUID": "d6c3b576-ae2e-42b3-a5b4-9cf6d2bbf2ba",
              "isHook": false,
              "skipped": false
            },
            {
              "title": "Should go to the developer e-mail",
              "fullTitle": "Header and Footer elements Should go to the developer e-mail",
              "timedOut": null,
              "duration": 401,
              "state": "passed",
              "speed": "fast",
              "pass": true,
              "fail": false,
              "pending": false,
              "context": null,
              "code": "cy.get('.h4', {\n  timeout: 10000\n}).should('be.visible').and('not.be.disabled');",
              "err": {},
              "uuid": "e1c2ec15-1b32-47d1-9aac-8e6a70d832dc",
              "parentUUID": "d6c3b576-ae2e-42b3-a5b4-9cf6d2bbf2ba",
              "isHook": false,
              "skipped": false
            }
          ],
          "suites": [],
          "passes": [
            "3cd01477-3069-4aa1-bb08-0c302675ba2d",
            "7521ee92-e9ea-4977-81ad-1b1e72161593",
            "f259c604-fe97-43f7-9515-bfbc12dd12c0",
            "dfb4bd49-7812-4e65-a43d-f776769cdddf",
            "29e931e8-8201-4080-8d56-5bb79c20c32c",
            "229bf6f2-3508-4369-8d7a-17719d5fb5c2",
            "72595f7f-0c93-44f0-aea6-7489dcd9fdea",
            "742cb8f9-348a-44e4-a88c-c617deb4d866",
            "fc6b6972-4a9d-4e7b-8890-1a0d912ffdcf",
            "3a9517d0-917f-4da5-93cb-53e71ff3d918",
            "b8e03eaa-94da-4bfe-9bcb-06127c8db949",
            "8468b78f-52dc-4b26-a914-d776f4ce8a8b",
            "e1c2ec15-1b32-47d1-9aac-8e6a70d832dc"
          ],
          "failures": [],
          "pending": [],
          "skipped": [],
          "duration": 7021,
          "root": false,
          "rootEmpty": false,
          "_timeout": 2000
        }
      ],
      "passes": [],
      "failures": [],
      "pending": [],
      "skipped": [],
      "duration": 0,
      "root": true,
      "rootEmpty": true,
      "_timeout": 2000
    }
  ],
  "meta": {
    "mocha": {
      "version": "7.2.0"
    },
    "mochawesome": {
      "options": {
        "quiet": false,
        "reportFilename": "mochawesome",
        "saveHtml": false,
        "saveJson": true,
        "consoleReporter": "spec",
        "useInlineDiffs": false,
        "code": true
      },
      "version": "7.1.3"
    },
    "marge": {
      "options": {
        "reportDir": "cypress/reports",
        "overwrite": false,
        "html": false,
        "json": true
      },
      "version": "6.2.0"
    }
  }
}