{
  "stats": {
    "suites": 1,
    "tests": 19,
    "passes": 19,
    "pending": 0,
    "failures": 0,
    "start": "2025-05-06T11:28:29.303Z",
    "end": "2025-05-06T11:28:48.040Z",
    "duration": 18737,
    "testsRegistered": 19,
    "passPercent": 100,
    "pendingPercent": 0,
    "other": 0,
    "hasOther": false,
    "skipped": 0,
    "hasSkipped": false
  },
  "results": [
    {
      "uuid": "f04962c5-2c6b-48ad-98b3-b3b997aed783",
      "title": "",
      "fullFile": "cypress/e2e/sign_up.cy.js",
      "file": "cypress/e2e/sign_up.cy.js",
      "beforeHooks": [],
      "afterHooks": [],
      "tests": [],
      "suites": [
        {
          "uuid": "1ba44e30-226a-46e6-a6bf-498f67ec29e6",
          "title": "Sign Up and Sign In",
          "fullFile": "",
          "file": "",
          "beforeHooks": [],
          "afterHooks": [],
          "tests": [
            {
              "title": "Should show \"Name required\" when field is empty",
              "fullTitle": "Sign Up and Sign In Should show \"Name required\" when field is empty",
              "timedOut": null,
              "duration": 1503,
              "state": "passed",
              "speed": "fast",
              "pass": true,
              "fail": false,
              "pending": false,
              "context": null,
              "code": "cy.get('#signupName').focus().blur();\ncy.contains('Name required').should('be.visible');\ncy.get('#signupName').should('have.css', 'border-color', 'rgb(220, 53, 69)');",
              "err": {},
              "uuid": "d44d5e45-79dd-401c-b891-305098a5108e",
              "parentUUID": "1ba44e30-226a-46e6-a6bf-498f67ec29e6",
              "isHook": false,
              "skipped": false
            },
            {
              "title": "Should show \"Name is invalid\" for symbols",
              "fullTitle": "Sign Up and Sign In Should show \"Name is invalid\" for symbols",
              "timedOut": null,
              "duration": 678,
              "state": "passed",
              "speed": "fast",
              "pass": true,
              "fail": false,
              "pending": false,
              "context": null,
              "code": "cy.get('#signupName').type('###').blur();\ncy.contains('Name is invalid').should('be.visible');",
              "err": {},
              "uuid": "e610c877-10ec-4c91-a48b-6438cf8eedc7",
              "parentUUID": "1ba44e30-226a-46e6-a6bf-498f67ec29e6",
              "isHook": false,
              "skipped": false
            },
            {
              "title": "Should show \"Name has to be from 2 to 20 characters long\" for short/long name",
              "fullTitle": "Sign Up and Sign In Should show \"Name has to be from 2 to 20 characters long\" for short/long name",
              "timedOut": null,
              "duration": 1061,
              "state": "passed",
              "speed": "fast",
              "pass": true,
              "fail": false,
              "pending": false,
              "context": null,
              "code": "cy.get('#signupName').type('A').blur();\ncy.contains('Name has to be from 2 to 20 characters long').should('be.visible');\ncy.get('#signupName').clear().type('Everyveryverylongnametest').blur();\ncy.contains('Name has to be from 2 to 20 characters long').should('be.visible');",
              "err": {},
              "uuid": "ac7cb975-a8ed-4507-9381-29b4a3bd9f31",
              "parentUUID": "1ba44e30-226a-46e6-a6bf-498f67ec29e6",
              "isHook": false,
              "skipped": false
            },
            {
              "title": "Should find Name field and enter name",
              "fullTitle": "Sign Up and Sign In Should find Name field and enter name",
              "timedOut": null,
              "duration": 532,
              "state": "passed",
              "speed": "fast",
              "pass": true,
              "fail": false,
              "pending": false,
              "context": null,
              "code": "cy.get('#signupName').type('Ted');\ncy.get('#signupName').should('have.value', 'Ted');",
              "err": {},
              "uuid": "5597cc68-d891-4edd-8963-2eaf2370e5f7",
              "parentUUID": "1ba44e30-226a-46e6-a6bf-498f67ec29e6",
              "isHook": false,
              "skipped": false
            },
            {
              "title": "Should find Last Name field and enter",
              "fullTitle": "Sign Up and Sign In Should find Last Name field and enter",
              "timedOut": null,
              "duration": 691,
              "state": "passed",
              "speed": "fast",
              "pass": true,
              "fail": false,
              "pending": false,
              "context": null,
              "code": "cy.get('#signupLastName').type('Proffi');",
              "err": {},
              "uuid": "9695d734-7e8f-49de-b93d-9e18a2ddbd61",
              "parentUUID": "1ba44e30-226a-46e6-a6bf-498f67ec29e6",
              "isHook": false,
              "skipped": false
            },
            {
              "title": "Should show \"Last name required\" when field is empty",
              "fullTitle": "Sign Up and Sign In Should show \"Last name required\" when field is empty",
              "timedOut": null,
              "duration": 688,
              "state": "passed",
              "speed": "fast",
              "pass": true,
              "fail": false,
              "pending": false,
              "context": null,
              "code": "cy.get('#signupLastName').focus().blur();\ncy.contains('Last name required').should('be.visible');\ncy.get('#signupLastName').should('have.css', 'border-color', 'rgb(220, 53, 69)');",
              "err": {},
              "uuid": "cc7e7c89-926c-47db-94c8-7c12c13e4f0d",
              "parentUUID": "1ba44e30-226a-46e6-a6bf-498f67ec29e6",
              "isHook": false,
              "skipped": false
            },
            {
              "title": "Should show \"Last name is invalid\" for symbols",
              "fullTitle": "Sign Up and Sign In Should show \"Last name is invalid\" for symbols",
              "timedOut": null,
              "duration": 677,
              "state": "passed",
              "speed": "fast",
              "pass": true,
              "fail": false,
              "pending": false,
              "context": null,
              "code": "cy.get('#signupLastName').type('###').blur();\ncy.contains('Last name is invalid').should('be.visible');",
              "err": {},
              "uuid": "f8c300a8-4f1a-4445-91ff-71547bb1d48b",
              "parentUUID": "1ba44e30-226a-46e6-a6bf-498f67ec29e6",
              "isHook": false,
              "skipped": false
            },
            {
              "title": "Should show \"Last name has to be from 2 to 20 characters long\" for short/long name",
              "fullTitle": "Sign Up and Sign In Should show \"Last name has to be from 2 to 20 characters long\" for short/long name",
              "timedOut": null,
              "duration": 1129,
              "state": "passed",
              "speed": "fast",
              "pass": true,
              "fail": false,
              "pending": false,
              "context": null,
              "code": "cy.get('#signupLastName').type('A').focus().blur();\ncy.contains('Last name has to be from 2 to 20 characters long').should('be.visible');\ncy.get('#signupLastName').clear().type('veryveryverylongnametest').blur();\ncy.contains('Last name has to be from 2 to 20 characters long').should('be.visible');",
              "err": {},
              "uuid": "fe8159f4-ff4f-4c79-917a-b9540a36a32b",
              "parentUUID": "1ba44e30-226a-46e6-a6bf-498f67ec29e6",
              "isHook": false,
              "skipped": false
            },
            {
              "title": "Should show \"E-mail required\" when field is empty",
              "fullTitle": "Sign Up and Sign In Should show \"E-mail required\" when field is empty",
              "timedOut": null,
              "duration": 647,
              "state": "passed",
              "speed": "fast",
              "pass": true,
              "fail": false,
              "pending": false,
              "context": null,
              "code": "cy.get('#signupEmail').focus().blur();\ncy.contains('Email required').should('be.visible');\ncy.get('#signupEmail').should('have.css', 'border-color', 'rgb(220, 53, 69)');",
              "err": {},
              "uuid": "ef860bb2-406d-40ec-abe1-9731bb7c7ba0",
              "parentUUID": "1ba44e30-226a-46e6-a6bf-498f67ec29e6",
              "isHook": false,
              "skipped": false
            },
            {
              "title": "Should find E-mail field and enter",
              "fullTitle": "Sign Up and Sign In Should find E-mail field and enter",
              "timedOut": null,
              "duration": 831,
              "state": "passed",
              "speed": "fast",
              "pass": true,
              "fail": false,
              "pending": false,
              "context": null,
              "code": "cy.get('#signupEmail').type('elena95@gmail.com');",
              "err": {},
              "uuid": "b818ccd5-e6ed-44f7-bb16-5d782397af3c",
              "parentUUID": "1ba44e30-226a-46e6-a6bf-498f67ec29e6",
              "isHook": false,
              "skipped": false
            },
            {
              "title": "Should show \"Email is incorrect\" when e-mail format incorrect",
              "fullTitle": "Sign Up and Sign In Should show \"Email is incorrect\" when e-mail format incorrect",
              "timedOut": null,
              "duration": 887,
              "state": "passed",
              "speed": "fast",
              "pass": true,
              "fail": false,
              "pending": false,
              "context": null,
              "code": "cy.get('#signupEmail').type('nekd@ss').blur();\ncy.contains('Email is incorrect').should('be.visible');\ncy.get('#signupEmail').should('have.css', 'border-color', 'rgb(220, 53, 69)');",
              "err": {},
              "uuid": "e8db4372-9526-4570-a92b-03f9b347d8c3",
              "parentUUID": "1ba44e30-226a-46e6-a6bf-498f67ec29e6",
              "isHook": false,
              "skipped": false
            },
            {
              "title": "Should show \"Password required\" when field is empty",
              "fullTitle": "Sign Up and Sign In Should show \"Password required\" when field is empty",
              "timedOut": null,
              "duration": 670,
              "state": "passed",
              "speed": "fast",
              "pass": true,
              "fail": false,
              "pending": false,
              "context": null,
              "code": "cy.get('#signupPassword').focus().blur();\ncy.contains('Password required').should('be.visible');\ncy.get('#signupPassword').should('have.css', 'border-color', 'rgb(220, 53, 69)');",
              "err": {},
              "uuid": "bc2a7375-f4a8-488e-81f2-d95d5126faa0",
              "parentUUID": "1ba44e30-226a-46e6-a6bf-498f67ec29e6",
              "isHook": false,
              "skipped": false
            },
            {
              "title": "Should show \"Password has to be from 8 to 15 characters long and contain at least one integer, one capital, and one small letter\"",
              "fullTitle": "Sign Up and Sign In Should show \"Password has to be from 8 to 15 characters long and contain at least one integer, one capital, and one small letter\"",
              "timedOut": null,
              "duration": 1159,
              "state": "passed",
              "speed": "fast",
              "pass": true,
              "fail": false,
              "pending": false,
              "context": null,
              "code": "cy.get('#signupPassword').type('A11a').blur();\ncy.contains('Password has to be from 8 to 15 characters long and contain at least one integer, one capital, and one small letter').should('be.visible');\ncy.get('#signupPassword').clear().type('veryveryverylongn123AAQ').blur();\ncy.contains('Password has to be from 8 to 15 characters long and contain at least one integer, one capital, and one small letter').should('be.visible');",
              "err": {},
              "uuid": "2f409b17-3121-4129-9f4f-0181e123011c",
              "parentUUID": "1ba44e30-226a-46e6-a6bf-498f67ec29e6",
              "isHook": false,
              "skipped": false
            },
            {
              "title": "Should find Password field and enter",
              "fullTitle": "Sign Up and Sign In Should find Password field and enter",
              "timedOut": null,
              "duration": 723,
              "state": "passed",
              "speed": "fast",
              "pass": true,
              "fail": false,
              "pending": false,
              "context": null,
              "code": "cy.get('#signupPassword').type('Color123');\ncy.get('#signupPassword').should('have.value', 'Color123');",
              "err": {},
              "uuid": "3ac310c8-204a-47d1-85b4-9583c937a5e7",
              "parentUUID": "1ba44e30-226a-46e6-a6bf-498f67ec29e6",
              "isHook": false,
              "skipped": false
            },
            {
              "title": "Should find Re-enter Password field and enter",
              "fullTitle": "Sign Up and Sign In Should find Re-enter Password field and enter",
              "timedOut": null,
              "duration": 726,
              "state": "passed",
              "speed": "fast",
              "pass": true,
              "fail": false,
              "pending": false,
              "context": null,
              "code": "cy.get('#signupRepeatPassword').type('Color123', {\n  sensitive: true\n});\ncy.get('#signupRepeatPassword').should('have.value', 'Color123');",
              "err": {},
              "uuid": "b1bda465-5e43-4311-b9ab-f050b20c2e90",
              "parentUUID": "1ba44e30-226a-46e6-a6bf-498f67ec29e6",
              "isHook": false,
              "skipped": false
            },
            {
              "title": "Should find Re-enter Password field and enter wrong",
              "fullTitle": "Sign Up and Sign In Should find Re-enter Password field and enter wrong",
              "timedOut": null,
              "duration": 768,
              "state": "passed",
              "speed": "fast",
              "pass": true,
              "fail": false,
              "pending": false,
              "context": null,
              "code": "cy.get('#signupRepeatPassword').type('Color12d2ee', {\n  sensitive: true\n}).blur();\ncy.get('#signupRepeatPassword').should('have.value', 'Color12d2ee');\ncy.contains('Passwords do not match').should('be.visible');",
              "err": {},
              "uuid": "763856e1-31da-48f1-869c-7a6f25e926b0",
              "parentUUID": "1ba44e30-226a-46e6-a6bf-498f67ec29e6",
              "isHook": false,
              "skipped": false
            },
            {
              "title": "Should find Register button and tap",
              "fullTitle": "Sign Up and Sign In Should find Register button and tap",
              "timedOut": null,
              "duration": 529,
              "state": "passed",
              "speed": "fast",
              "pass": true,
              "fail": false,
              "pending": false,
              "context": null,
              "code": "cy.get('.modal-footer > .btn').should('be.disabled');",
              "err": {},
              "uuid": "3f2aa64d-f7d9-4d06-82ea-a6d5a4829b9d",
              "parentUUID": "1ba44e30-226a-46e6-a6bf-498f67ec29e6",
              "isHook": false,
              "skipped": false
            },
            {
              "title": "Should fill registration",
              "fullTitle": "Sign Up and Sign In Should fill registration",
              "timedOut": null,
              "duration": 1823,
              "state": "passed",
              "speed": "fast",
              "pass": true,
              "fail": false,
              "pending": false,
              "context": null,
              "code": "cy.get('#signupName').type('Ted');\ncy.get('#signupLastName').type('Proffi');\ncy.get('#signupEmail').type('elena95@gmail.com');\ncy.get('#signupPassword').type('Color123', {\n  sensitive: true\n});\ncy.get('#signupRepeatPassword').type('Color123', {\n  sensitive: true\n});\ncy.get('.modal-footer > .btn').click();\ncy.get('.close > span').click();",
              "err": {},
              "uuid": "fd0fb815-ba71-44e3-8607-273c04555e2b",
              "parentUUID": "1ba44e30-226a-46e6-a6bf-498f67ec29e6",
              "isHook": false,
              "skipped": false
            },
            {
              "title": "Should log in my user",
              "fullTitle": "Sign Up and Sign In Should log in my user",
              "timedOut": null,
              "duration": 1552,
              "state": "passed",
              "speed": "fast",
              "pass": true,
              "fail": false,
              "pending": false,
              "context": null,
              "code": "cy.get('.close > span').click();\ncy.get('.header_right > .btn').click();\ncy.get('#signinEmail').type('elena95@gmail.com');\ncy.get('#signinPassword').type('Color123', {\n  sensitive: true\n});\ncy.get('.modal-footer > .btn-primary').click();",
              "err": {},
              "uuid": "2a44e137-2ac5-40e5-b085-6b341454f623",
              "parentUUID": "1ba44e30-226a-46e6-a6bf-498f67ec29e6",
              "isHook": false,
              "skipped": false
            }
          ],
          "suites": [],
          "passes": [
            "d44d5e45-79dd-401c-b891-305098a5108e",
            "e610c877-10ec-4c91-a48b-6438cf8eedc7",
            "ac7cb975-a8ed-4507-9381-29b4a3bd9f31",
            "5597cc68-d891-4edd-8963-2eaf2370e5f7",
            "9695d734-7e8f-49de-b93d-9e18a2ddbd61",
            "cc7e7c89-926c-47db-94c8-7c12c13e4f0d",
            "f8c300a8-4f1a-4445-91ff-71547bb1d48b",
            "fe8159f4-ff4f-4c79-917a-b9540a36a32b",
            "ef860bb2-406d-40ec-abe1-9731bb7c7ba0",
            "b818ccd5-e6ed-44f7-bb16-5d782397af3c",
            "e8db4372-9526-4570-a92b-03f9b347d8c3",
            "bc2a7375-f4a8-488e-81f2-d95d5126faa0",
            "2f409b17-3121-4129-9f4f-0181e123011c",
            "3ac310c8-204a-47d1-85b4-9583c937a5e7",
            "b1bda465-5e43-4311-b9ab-f050b20c2e90",
            "763856e1-31da-48f1-869c-7a6f25e926b0",
            "3f2aa64d-f7d9-4d06-82ea-a6d5a4829b9d",
            "fd0fb815-ba71-44e3-8607-273c04555e2b",
            "2a44e137-2ac5-40e5-b085-6b341454f623"
          ],
          "failures": [],
          "pending": [],
          "skipped": [],
          "duration": 17274,
          "root": false,
          "rootEmpty": false,
          "_timeout": 2000
        }
      ],
      "passes": [],
      "failures": [],
      "pending": [],
      "skipped": [],
      "duration": 0,
      "root": true,
      "rootEmpty": true,
      "_timeout": 2000
    }
  ],
  "meta": {
    "mocha": {
      "version": "7.2.0"
    },
    "mochawesome": {
      "options": {
        "quiet": false,
        "reportFilename": "mochawesome",
        "saveHtml": false,
        "saveJson": true,
        "consoleReporter": "spec",
        "useInlineDiffs": false,
        "code": true
      },
      "version": "7.1.3"
    },
    "marge": {
      "options": {
        "reportDir": "cypress/reports",
        "overwrite": false,
        "html": false,
        "json": true
      },
      "version": "6.2.0"
    }
  }
}