{
  "stats": {
    "suites": 1,
    "tests": 19,
    "passes": 19,
    "pending": 0,
    "failures": 0,
    "start": "2025-05-06T11:39:07.232Z",
    "end": "2025-05-06T11:39:25.657Z",
    "duration": 18425,
    "testsRegistered": 19,
    "passPercent": 100,
    "pendingPercent": 0,
    "other": 0,
    "hasOther": false,
    "skipped": 0,
    "hasSkipped": false
  },
  "results": [
    {
      "uuid": "6db65aae-e712-4c65-9705-68d651a44275",
      "title": "",
      "fullFile": "cypress/e2e/sign_up.cy.js",
      "file": "cypress/e2e/sign_up.cy.js",
      "beforeHooks": [],
      "afterHooks": [],
      "tests": [],
      "suites": [
        {
          "uuid": "c2ccb1a0-047d-43f1-9aa3-43c2a3490186",
          "title": "Sign Up and Sign In",
          "fullFile": "",
          "file": "",
          "beforeHooks": [],
          "afterHooks": [],
          "tests": [
            {
              "title": "Should show \"Name required\" when field is empty",
              "fullTitle": "Sign Up and Sign In Should show \"Name required\" when field is empty",
              "timedOut": null,
              "duration": 1498,
              "state": "passed",
              "speed": "fast",
              "pass": true,
              "fail": false,
              "pending": false,
              "context": null,
              "code": "cy.get('#signupName').focus().blur();\ncy.contains('Name required').should('be.visible');\ncy.get('#signupName').should('have.css', 'border-color', 'rgb(220, 53, 69)');",
              "err": {},
              "uuid": "dad8576f-e469-4dec-880e-b6555888f1a6",
              "parentUUID": "c2ccb1a0-047d-43f1-9aa3-43c2a3490186",
              "isHook": false,
              "skipped": false
            },
            {
              "title": "Should show \"Name is invalid\" for symbols",
              "fullTitle": "Sign Up and Sign In Should show \"Name is invalid\" for symbols",
              "timedOut": null,
              "duration": 674,
              "state": "passed",
              "speed": "fast",
              "pass": true,
              "fail": false,
              "pending": false,
              "context": null,
              "code": "cy.get('#signupName').type('###').blur();\ncy.contains('Name is invalid').should('be.visible');",
              "err": {},
              "uuid": "5d4862cd-30be-4d12-97b6-6fadf60276da",
              "parentUUID": "c2ccb1a0-047d-43f1-9aa3-43c2a3490186",
              "isHook": false,
              "skipped": false
            },
            {
              "title": "Should show \"Name has to be from 2 to 20 characters long\" for short/long name",
              "fullTitle": "Sign Up and Sign In Should show \"Name has to be from 2 to 20 characters long\" for short/long name",
              "timedOut": null,
              "duration": 993,
              "state": "passed",
              "speed": "fast",
              "pass": true,
              "fail": false,
              "pending": false,
              "context": null,
              "code": "cy.get('#signupName').type('A').blur();\ncy.contains('Name has to be from 2 to 20 characters long').should('be.visible');\ncy.get('#signupName').clear().type('Everyveryverylongnametest').blur();\ncy.contains('Name has to be from 2 to 20 characters long').should('be.visible');",
              "err": {},
              "uuid": "f1cfe684-8bf7-4ca1-8e9c-94806b059d42",
              "parentUUID": "c2ccb1a0-047d-43f1-9aa3-43c2a3490186",
              "isHook": false,
              "skipped": false
            },
            {
              "title": "Should find Name field and enter name",
              "fullTitle": "Sign Up and Sign In Should find Name field and enter name",
              "timedOut": null,
              "duration": 523,
              "state": "passed",
              "speed": "fast",
              "pass": true,
              "fail": false,
              "pending": false,
              "context": null,
              "code": "cy.get('#signupName').type('Ted');\ncy.get('#signupName').should('have.value', 'Ted');",
              "err": {},
              "uuid": "076e14b5-3b64-4b51-a509-106ff735df92",
              "parentUUID": "c2ccb1a0-047d-43f1-9aa3-43c2a3490186",
              "isHook": false,
              "skipped": false
            },
            {
              "title": "Should find Last Name field and enter",
              "fullTitle": "Sign Up and Sign In Should find Last Name field and enter",
              "timedOut": null,
              "duration": 677,
              "state": "passed",
              "speed": "fast",
              "pass": true,
              "fail": false,
              "pending": false,
              "context": null,
              "code": "cy.get('#signupLastName').type('Proffi');",
              "err": {},
              "uuid": "bd089521-bce4-48c6-80f2-2e6685f3ad49",
              "parentUUID": "c2ccb1a0-047d-43f1-9aa3-43c2a3490186",
              "isHook": false,
              "skipped": false
            },
            {
              "title": "Should show \"Last name required\" when field is empty",
              "fullTitle": "Sign Up and Sign In Should show \"Last name required\" when field is empty",
              "timedOut": null,
              "duration": 635,
              "state": "passed",
              "speed": "fast",
              "pass": true,
              "fail": false,
              "pending": false,
              "context": null,
              "code": "cy.get('#signupLastName').focus().blur();\ncy.contains('Last name required').should('be.visible');\ncy.get('#signupLastName').should('have.css', 'border-color', 'rgb(220, 53, 69)');",
              "err": {},
              "uuid": "a9139265-7e91-4c93-8892-f22738aa065a",
              "parentUUID": "c2ccb1a0-047d-43f1-9aa3-43c2a3490186",
              "isHook": false,
              "skipped": false
            },
            {
              "title": "Should show \"Last name is invalid\" for symbols",
              "fullTitle": "Sign Up and Sign In Should show \"Last name is invalid\" for symbols",
              "timedOut": null,
              "duration": 656,
              "state": "passed",
              "speed": "fast",
              "pass": true,
              "fail": false,
              "pending": false,
              "context": null,
              "code": "cy.get('#signupLastName').type('###').blur();\ncy.contains('Last name is invalid').should('be.visible');",
              "err": {},
              "uuid": "2a248180-34e8-4233-add6-4a8da416f643",
              "parentUUID": "c2ccb1a0-047d-43f1-9aa3-43c2a3490186",
              "isHook": false,
              "skipped": false
            },
            {
              "title": "Should show \"Last name has to be from 2 to 20 characters long\" for short/long name",
              "fullTitle": "Sign Up and Sign In Should show \"Last name has to be from 2 to 20 characters long\" for short/long name",
              "timedOut": null,
              "duration": 1110,
              "state": "passed",
              "speed": "fast",
              "pass": true,
              "fail": false,
              "pending": false,
              "context": null,
              "code": "cy.get('#signupLastName').type('A').focus().blur();\ncy.contains('Last name has to be from 2 to 20 characters long').should('be.visible');\ncy.get('#signupLastName').clear().type('veryveryverylongnametest').blur();\ncy.contains('Last name has to be from 2 to 20 characters long').should('be.visible');",
              "err": {},
              "uuid": "8346257c-262e-4363-bc7d-262f18ca3662",
              "parentUUID": "c2ccb1a0-047d-43f1-9aa3-43c2a3490186",
              "isHook": false,
              "skipped": false
            },
            {
              "title": "Should show \"E-mail required\" when field is empty",
              "fullTitle": "Sign Up and Sign In Should show \"E-mail required\" when field is empty",
              "timedOut": null,
              "duration": 651,
              "state": "passed",
              "speed": "fast",
              "pass": true,
              "fail": false,
              "pending": false,
              "context": null,
              "code": "cy.get('#signupEmail').focus().blur();\ncy.contains('Email required').should('be.visible');\ncy.get('#signupEmail').should('have.css', 'border-color', 'rgb(220, 53, 69)');",
              "err": {},
              "uuid": "361637ba-af37-4107-81e8-bb152006ff6b",
              "parentUUID": "c2ccb1a0-047d-43f1-9aa3-43c2a3490186",
              "isHook": false,
              "skipped": false
            },
            {
              "title": "Should find E-mail field and enter",
              "fullTitle": "Sign Up and Sign In Should find E-mail field and enter",
              "timedOut": null,
              "duration": 812,
              "state": "passed",
              "speed": "fast",
              "pass": true,
              "fail": false,
              "pending": false,
              "context": null,
              "code": "cy.get('#signupEmail').type('elena95@gmail.com');",
              "err": {},
              "uuid": "2ea299ba-0a61-4991-938b-96c0014e18c7",
              "parentUUID": "c2ccb1a0-047d-43f1-9aa3-43c2a3490186",
              "isHook": false,
              "skipped": false
            },
            {
              "title": "Should show \"Email is incorrect\" when e-mail format incorrect",
              "fullTitle": "Sign Up and Sign In Should show \"Email is incorrect\" when e-mail format incorrect",
              "timedOut": null,
              "duration": 890,
              "state": "passed",
              "speed": "fast",
              "pass": true,
              "fail": false,
              "pending": false,
              "context": null,
              "code": "cy.get('#signupEmail').type('nekd@ss').blur();\ncy.contains('Email is incorrect').should('be.visible');\ncy.get('#signupEmail').should('have.css', 'border-color', 'rgb(220, 53, 69)');",
              "err": {},
              "uuid": "aa2b5075-edf3-453a-a0fb-48dae3864111",
              "parentUUID": "c2ccb1a0-047d-43f1-9aa3-43c2a3490186",
              "isHook": false,
              "skipped": false
            },
            {
              "title": "Should show \"Password required\" when field is empty",
              "fullTitle": "Sign Up and Sign In Should show \"Password required\" when field is empty",
              "timedOut": null,
              "duration": 659,
              "state": "passed",
              "speed": "fast",
              "pass": true,
              "fail": false,
              "pending": false,
              "context": null,
              "code": "cy.get('#signupPassword').focus().blur();\ncy.contains('Password required').should('be.visible');\ncy.get('#signupPassword').should('have.css', 'border-color', 'rgb(220, 53, 69)');",
              "err": {},
              "uuid": "8fa5b1ee-4834-4527-8bd9-9b9ed5449591",
              "parentUUID": "c2ccb1a0-047d-43f1-9aa3-43c2a3490186",
              "isHook": false,
              "skipped": false
            },
            {
              "title": "Should show \"Password has to be from 8 to 15 characters long and contain at least one integer, one capital, and one small letter\"",
              "fullTitle": "Sign Up and Sign In Should show \"Password has to be from 8 to 15 characters long and contain at least one integer, one capital, and one small letter\"",
              "timedOut": null,
              "duration": 1162,
              "state": "passed",
              "speed": "fast",
              "pass": true,
              "fail": false,
              "pending": false,
              "context": null,
              "code": "cy.get('#signupPassword').type('A11a').blur();\ncy.contains('Password has to be from 8 to 15 characters long and contain at least one integer, one capital, and one small letter').should('be.visible');\ncy.get('#signupPassword').clear().type('veryveryverylongn123AAQ').blur();\ncy.contains('Password has to be from 8 to 15 characters long and contain at least one integer, one capital, and one small letter').should('be.visible');",
              "err": {},
              "uuid": "2f526b40-25ba-46e5-b735-a96043a42ac0",
              "parentUUID": "c2ccb1a0-047d-43f1-9aa3-43c2a3490186",
              "isHook": false,
              "skipped": false
            },
            {
              "title": "Should find Password field and enter",
              "fullTitle": "Sign Up and Sign In Should find Password field and enter",
              "timedOut": null,
              "duration": 696,
              "state": "passed",
              "speed": "fast",
              "pass": true,
              "fail": false,
              "pending": false,
              "context": null,
              "code": "cy.get('#signupPassword').type('Color123');\ncy.get('#signupPassword').should('have.value', 'Color123');",
              "err": {},
              "uuid": "2844637c-c3ac-4876-a44b-223d2fecbefd",
              "parentUUID": "c2ccb1a0-047d-43f1-9aa3-43c2a3490186",
              "isHook": false,
              "skipped": false
            },
            {
              "title": "Should find Re-enter Password field and enter",
              "fullTitle": "Sign Up and Sign In Should find Re-enter Password field and enter",
              "timedOut": null,
              "duration": 739,
              "state": "passed",
              "speed": "fast",
              "pass": true,
              "fail": false,
              "pending": false,
              "context": null,
              "code": "cy.get('#signupRepeatPassword').type('Color123', {\n  sensitive: true\n});\ncy.get('#signupRepeatPassword').should('have.value', 'Color123');",
              "err": {},
              "uuid": "b62b384d-c19f-405f-b0e0-4b04c21dfd74",
              "parentUUID": "c2ccb1a0-047d-43f1-9aa3-43c2a3490186",
              "isHook": false,
              "skipped": false
            },
            {
              "title": "Should find Re-enter Password field and enter wrong",
              "fullTitle": "Sign Up and Sign In Should find Re-enter Password field and enter wrong",
              "timedOut": null,
              "duration": 779,
              "state": "passed",
              "speed": "fast",
              "pass": true,
              "fail": false,
              "pending": false,
              "context": null,
              "code": "cy.get('#signupRepeatPassword').type('Color12d2ee', {\n  sensitive: true\n}).blur();\ncy.get('#signupRepeatPassword').should('have.value', 'Color12d2ee');\ncy.contains('Passwords do not match').should('be.visible');",
              "err": {},
              "uuid": "9a9a14a0-b068-45fd-9a26-a0dc6a5c2b63",
              "parentUUID": "c2ccb1a0-047d-43f1-9aa3-43c2a3490186",
              "isHook": false,
              "skipped": false
            },
            {
              "title": "Should find Register button and tap",
              "fullTitle": "Sign Up and Sign In Should find Register button and tap",
              "timedOut": null,
              "duration": 489,
              "state": "passed",
              "speed": "fast",
              "pass": true,
              "fail": false,
              "pending": false,
              "context": null,
              "code": "cy.get('.modal-footer > .btn').should('be.disabled');",
              "err": {},
              "uuid": "4ac8f801-104e-43c3-a6cd-65f415397cb9",
              "parentUUID": "c2ccb1a0-047d-43f1-9aa3-43c2a3490186",
              "isHook": false,
              "skipped": false
            },
            {
              "title": "Should fill registration",
              "fullTitle": "Sign Up and Sign In Should fill registration",
              "timedOut": null,
              "duration": 1820,
              "state": "passed",
              "speed": "fast",
              "pass": true,
              "fail": false,
              "pending": false,
              "context": null,
              "code": "cy.get('#signupName').type('Ted');\ncy.get('#signupLastName').type('Proffi');\ncy.get('#signupEmail').type('elena95@gmail.com');\ncy.get('#signupPassword').type('Color123', {\n  sensitive: true\n});\ncy.get('#signupRepeatPassword').type('Color123', {\n  sensitive: true\n});\ncy.get('.modal-footer > .btn').click();\ncy.get('.close > span').click();",
              "err": {},
              "uuid": "1c2166d7-7003-44bf-86d4-7d4e585f5a97",
              "parentUUID": "c2ccb1a0-047d-43f1-9aa3-43c2a3490186",
              "isHook": false,
              "skipped": false
            },
            {
              "title": "Should log in my user",
              "fullTitle": "Sign Up and Sign In Should log in my user",
              "timedOut": null,
              "duration": 1516,
              "state": "passed",
              "speed": "fast",
              "pass": true,
              "fail": false,
              "pending": false,
              "context": null,
              "code": "cy.get('.close > span').click();\ncy.get('.header_right > .btn').click();\ncy.get('#signinEmail').type('elena95@gmail.com');\ncy.get('#signinPassword').type('Color123', {\n  sensitive: true\n});\ncy.get('.modal-footer > .btn-primary').click();",
              "err": {},
              "uuid": "8c2b832a-c2bd-4bbf-9eb1-3fbc725f58da",
              "parentUUID": "c2ccb1a0-047d-43f1-9aa3-43c2a3490186",
              "isHook": false,
              "skipped": false
            }
          ],
          "suites": [],
          "passes": [
            "dad8576f-e469-4dec-880e-b6555888f1a6",
            "5d4862cd-30be-4d12-97b6-6fadf60276da",
            "f1cfe684-8bf7-4ca1-8e9c-94806b059d42",
            "076e14b5-3b64-4b51-a509-106ff735df92",
            "bd089521-bce4-48c6-80f2-2e6685f3ad49",
            "a9139265-7e91-4c93-8892-f22738aa065a",
            "2a248180-34e8-4233-add6-4a8da416f643",
            "8346257c-262e-4363-bc7d-262f18ca3662",
            "361637ba-af37-4107-81e8-bb152006ff6b",
            "2ea299ba-0a61-4991-938b-96c0014e18c7",
            "aa2b5075-edf3-453a-a0fb-48dae3864111",
            "8fa5b1ee-4834-4527-8bd9-9b9ed5449591",
            "2f526b40-25ba-46e5-b735-a96043a42ac0",
            "2844637c-c3ac-4876-a44b-223d2fecbefd",
            "b62b384d-c19f-405f-b0e0-4b04c21dfd74",
            "9a9a14a0-b068-45fd-9a26-a0dc6a5c2b63",
            "4ac8f801-104e-43c3-a6cd-65f415397cb9",
            "1c2166d7-7003-44bf-86d4-7d4e585f5a97",
            "8c2b832a-c2bd-4bbf-9eb1-3fbc725f58da"
          ],
          "failures": [],
          "pending": [],
          "skipped": [],
          "duration": 16979,
          "root": false,
          "rootEmpty": false,
          "_timeout": 2000
        }
      ],
      "passes": [],
      "failures": [],
      "pending": [],
      "skipped": [],
      "duration": 0,
      "root": true,
      "rootEmpty": true,
      "_timeout": 2000
    }
  ],
  "meta": {
    "mocha": {
      "version": "7.2.0"
    },
    "mochawesome": {
      "options": {
        "quiet": false,
        "reportFilename": "mochawesome",
        "saveHtml": false,
        "saveJson": true,
        "consoleReporter": "spec",
        "useInlineDiffs": false,
        "code": true
      },
      "version": "7.1.3"
    },
    "marge": {
      "options": {
        "reportDir": "cypress/reports",
        "overwrite": false,
        "html": false,
        "json": true
      },
      "version": "6.2.0"
    }
  }
}