{
  "stats": {
    "suites": 1,
    "tests": 19,
    "passes": 19,
    "pending": 0,
    "failures": 0,
    "start": "2025-05-06T11:30:26.718Z",
    "end": "2025-05-06T11:30:45.660Z",
    "duration": 18942,
    "testsRegistered": 19,
    "passPercent": 100,
    "pendingPercent": 0,
    "other": 0,
    "hasOther": false,
    "skipped": 0,
    "hasSkipped": false
  },
  "results": [
    {
      "uuid": "2fe93d39-bffe-4448-9bf8-cd9a13e78d92",
      "title": "",
      "fullFile": "cypress/e2e/sign_up.cy.js",
      "file": "cypress/e2e/sign_up.cy.js",
      "beforeHooks": [],
      "afterHooks": [],
      "tests": [],
      "suites": [
        {
          "uuid": "3a26a5cb-3dce-46b7-b581-d8cc8f817c27",
          "title": "Sign Up and Sign In",
          "fullFile": "",
          "file": "",
          "beforeHooks": [],
          "afterHooks": [],
          "tests": [
            {
              "title": "Should show \"Name required\" when field is empty",
              "fullTitle": "Sign Up and Sign In Should show \"Name required\" when field is empty",
              "timedOut": null,
              "duration": 1557,
              "state": "passed",
              "speed": "fast",
              "pass": true,
              "fail": false,
              "pending": false,
              "context": null,
              "code": "cy.get('#signupName').focus().blur();\ncy.contains('Name required').should('be.visible');\ncy.get('#signupName').should('have.css', 'border-color', 'rgb(220, 53, 69)');",
              "err": {},
              "uuid": "99dfcc84-7663-4eb8-a4f1-2963a35f776b",
              "parentUUID": "3a26a5cb-3dce-46b7-b581-d8cc8f817c27",
              "isHook": false,
              "skipped": false
            },
            {
              "title": "Should show \"Name is invalid\" for symbols",
              "fullTitle": "Sign Up and Sign In Should show \"Name is invalid\" for symbols",
              "timedOut": null,
              "duration": 659,
              "state": "passed",
              "speed": "fast",
              "pass": true,
              "fail": false,
              "pending": false,
              "context": null,
              "code": "cy.get('#signupName').type('###').blur();\ncy.contains('Name is invalid').should('be.visible');",
              "err": {},
              "uuid": "697d8e2b-b44a-47ec-af7c-91b621bb93c8",
              "parentUUID": "3a26a5cb-3dce-46b7-b581-d8cc8f817c27",
              "isHook": false,
              "skipped": false
            },
            {
              "title": "Should show \"Name has to be from 2 to 20 characters long\" for short/long name",
              "fullTitle": "Sign Up and Sign In Should show \"Name has to be from 2 to 20 characters long\" for short/long name",
              "timedOut": null,
              "duration": 1006,
              "state": "passed",
              "speed": "fast",
              "pass": true,
              "fail": false,
              "pending": false,
              "context": null,
              "code": "cy.get('#signupName').type('A').blur();\ncy.contains('Name has to be from 2 to 20 characters long').should('be.visible');\ncy.get('#signupName').clear().type('Everyveryverylongnametest').blur();\ncy.contains('Name has to be from 2 to 20 characters long').should('be.visible');",
              "err": {},
              "uuid": "eb141f25-2ff1-4607-bb94-f23c3097f8f4",
              "parentUUID": "3a26a5cb-3dce-46b7-b581-d8cc8f817c27",
              "isHook": false,
              "skipped": false
            },
            {
              "title": "Should find Name field and enter name",
              "fullTitle": "Sign Up and Sign In Should find Name field and enter name",
              "timedOut": null,
              "duration": 522,
              "state": "passed",
              "speed": "fast",
              "pass": true,
              "fail": false,
              "pending": false,
              "context": null,
              "code": "cy.get('#signupName').type('Ted');\ncy.get('#signupName').should('have.value', 'Ted');",
              "err": {},
              "uuid": "0b1895c7-40a8-47be-b2b6-64b640e93c2b",
              "parentUUID": "3a26a5cb-3dce-46b7-b581-d8cc8f817c27",
              "isHook": false,
              "skipped": false
            },
            {
              "title": "Should find Last Name field and enter",
              "fullTitle": "Sign Up and Sign In Should find Last Name field and enter",
              "timedOut": null,
              "duration": 683,
              "state": "passed",
              "speed": "fast",
              "pass": true,
              "fail": false,
              "pending": false,
              "context": null,
              "code": "cy.get('#signupLastName').type('Proffi');",
              "err": {},
              "uuid": "548ef486-5fa9-4518-91e1-36d34f7c01e4",
              "parentUUID": "3a26a5cb-3dce-46b7-b581-d8cc8f817c27",
              "isHook": false,
              "skipped": false
            },
            {
              "title": "Should show \"Last name required\" when field is empty",
              "fullTitle": "Sign Up and Sign In Should show \"Last name required\" when field is empty",
              "timedOut": null,
              "duration": 641,
              "state": "passed",
              "speed": "fast",
              "pass": true,
              "fail": false,
              "pending": false,
              "context": null,
              "code": "cy.get('#signupLastName').focus().blur();\ncy.contains('Last name required').should('be.visible');\ncy.get('#signupLastName').should('have.css', 'border-color', 'rgb(220, 53, 69)');",
              "err": {},
              "uuid": "bd41aca1-f8d3-4ec9-8a29-1eb489200f07",
              "parentUUID": "3a26a5cb-3dce-46b7-b581-d8cc8f817c27",
              "isHook": false,
              "skipped": false
            },
            {
              "title": "Should show \"Last name is invalid\" for symbols",
              "fullTitle": "Sign Up and Sign In Should show \"Last name is invalid\" for symbols",
              "timedOut": null,
              "duration": 654,
              "state": "passed",
              "speed": "fast",
              "pass": true,
              "fail": false,
              "pending": false,
              "context": null,
              "code": "cy.get('#signupLastName').type('###').blur();\ncy.contains('Last name is invalid').should('be.visible');",
              "err": {},
              "uuid": "6ede5c44-1a28-45f7-b092-1df53fc36c46",
              "parentUUID": "3a26a5cb-3dce-46b7-b581-d8cc8f817c27",
              "isHook": false,
              "skipped": false
            },
            {
              "title": "Should show \"Last name has to be from 2 to 20 characters long\" for short/long name",
              "fullTitle": "Sign Up and Sign In Should show \"Last name has to be from 2 to 20 characters long\" for short/long name",
              "timedOut": null,
              "duration": 1132,
              "state": "passed",
              "speed": "fast",
              "pass": true,
              "fail": false,
              "pending": false,
              "context": null,
              "code": "cy.get('#signupLastName').type('A').focus().blur();\ncy.contains('Last name has to be from 2 to 20 characters long').should('be.visible');\ncy.get('#signupLastName').clear().type('veryveryverylongnametest').blur();\ncy.contains('Last name has to be from 2 to 20 characters long').should('be.visible');",
              "err": {},
              "uuid": "51a39e90-e698-4e54-9f7f-a381c7edc024",
              "parentUUID": "3a26a5cb-3dce-46b7-b581-d8cc8f817c27",
              "isHook": false,
              "skipped": false
            },
            {
              "title": "Should show \"E-mail required\" when field is empty",
              "fullTitle": "Sign Up and Sign In Should show \"E-mail required\" when field is empty",
              "timedOut": null,
              "duration": 682,
              "state": "passed",
              "speed": "fast",
              "pass": true,
              "fail": false,
              "pending": false,
              "context": null,
              "code": "cy.get('#signupEmail').focus().blur();\ncy.contains('Email required').should('be.visible');\ncy.get('#signupEmail').should('have.css', 'border-color', 'rgb(220, 53, 69)');",
              "err": {},
              "uuid": "18ab25dd-938f-477b-93f4-3ad84eab46f3",
              "parentUUID": "3a26a5cb-3dce-46b7-b581-d8cc8f817c27",
              "isHook": false,
              "skipped": false
            },
            {
              "title": "Should find E-mail field and enter",
              "fullTitle": "Sign Up and Sign In Should find E-mail field and enter",
              "timedOut": null,
              "duration": 822,
              "state": "passed",
              "speed": "fast",
              "pass": true,
              "fail": false,
              "pending": false,
              "context": null,
              "code": "cy.get('#signupEmail').type('elena95@gmail.com');",
              "err": {},
              "uuid": "682e35b8-6747-4076-a7fd-2f90413cbe4d",
              "parentUUID": "3a26a5cb-3dce-46b7-b581-d8cc8f817c27",
              "isHook": false,
              "skipped": false
            },
            {
              "title": "Should show \"Email is incorrect\" when e-mail format incorrect",
              "fullTitle": "Sign Up and Sign In Should show \"Email is incorrect\" when e-mail format incorrect",
              "timedOut": null,
              "duration": 890,
              "state": "passed",
              "speed": "fast",
              "pass": true,
              "fail": false,
              "pending": false,
              "context": null,
              "code": "cy.get('#signupEmail').type('nekd@ss').blur();\ncy.contains('Email is incorrect').should('be.visible');\ncy.get('#signupEmail').should('have.css', 'border-color', 'rgb(220, 53, 69)');",
              "err": {},
              "uuid": "31ace8b3-47f3-4e86-9a40-2881ba3e7ed8",
              "parentUUID": "3a26a5cb-3dce-46b7-b581-d8cc8f817c27",
              "isHook": false,
              "skipped": false
            },
            {
              "title": "Should show \"Password required\" when field is empty",
              "fullTitle": "Sign Up and Sign In Should show \"Password required\" when field is empty",
              "timedOut": null,
              "duration": 674,
              "state": "passed",
              "speed": "fast",
              "pass": true,
              "fail": false,
              "pending": false,
              "context": null,
              "code": "cy.get('#signupPassword').focus().blur();\ncy.contains('Password required').should('be.visible');\ncy.get('#signupPassword').should('have.css', 'border-color', 'rgb(220, 53, 69)');",
              "err": {},
              "uuid": "fcd04fc3-205e-4c10-9543-63b7b0919430",
              "parentUUID": "3a26a5cb-3dce-46b7-b581-d8cc8f817c27",
              "isHook": false,
              "skipped": false
            },
            {
              "title": "Should show \"Password has to be from 8 to 15 characters long and contain at least one integer, one capital, and one small letter\"",
              "fullTitle": "Sign Up and Sign In Should show \"Password has to be from 8 to 15 characters long and contain at least one integer, one capital, and one small letter\"",
              "timedOut": null,
              "duration": 1172,
              "state": "passed",
              "speed": "fast",
              "pass": true,
              "fail": false,
              "pending": false,
              "context": null,
              "code": "cy.get('#signupPassword').type('A11a').blur();\ncy.contains('Password has to be from 8 to 15 characters long and contain at least one integer, one capital, and one small letter').should('be.visible');\ncy.get('#signupPassword').clear().type('veryveryverylongn123AAQ').blur();\ncy.contains('Password has to be from 8 to 15 characters long and contain at least one integer, one capital, and one small letter').should('be.visible');",
              "err": {},
              "uuid": "968e028e-f591-47cc-91e1-40c75b894a1f",
              "parentUUID": "3a26a5cb-3dce-46b7-b581-d8cc8f817c27",
              "isHook": false,
              "skipped": false
            },
            {
              "title": "Should find Password field and enter",
              "fullTitle": "Sign Up and Sign In Should find Password field and enter",
              "timedOut": null,
              "duration": 808,
              "state": "passed",
              "speed": "fast",
              "pass": true,
              "fail": false,
              "pending": false,
              "context": null,
              "code": "cy.get('#signupPassword').type('Color123');\ncy.get('#signupPassword').should('have.value', 'Color123');",
              "err": {},
              "uuid": "02a4c5de-eb45-46eb-87f7-33b92c36c4ac",
              "parentUUID": "3a26a5cb-3dce-46b7-b581-d8cc8f817c27",
              "isHook": false,
              "skipped": false
            },
            {
              "title": "Should find Re-enter Password field and enter",
              "fullTitle": "Sign Up and Sign In Should find Re-enter Password field and enter",
              "timedOut": null,
              "duration": 925,
              "state": "passed",
              "speed": "fast",
              "pass": true,
              "fail": false,
              "pending": false,
              "context": null,
              "code": "cy.get('#signupRepeatPassword').type('Color123', {\n  sensitive: true\n});\ncy.get('#signupRepeatPassword').should('have.value', 'Color123');",
              "err": {},
              "uuid": "0f4956e1-805f-477b-ad8b-4b130053def8",
              "parentUUID": "3a26a5cb-3dce-46b7-b581-d8cc8f817c27",
              "isHook": false,
              "skipped": false
            },
            {
              "title": "Should find Re-enter Password field and enter wrong",
              "fullTitle": "Sign Up and Sign In Should find Re-enter Password field and enter wrong",
              "timedOut": null,
              "duration": 807,
              "state": "passed",
              "speed": "fast",
              "pass": true,
              "fail": false,
              "pending": false,
              "context": null,
              "code": "cy.get('#signupRepeatPassword').type('Color12d2ee', {\n  sensitive: true\n}).blur();\ncy.get('#signupRepeatPassword').should('have.value', 'Color12d2ee');\ncy.contains('Passwords do not match').should('be.visible');",
              "err": {},
              "uuid": "4df8cdf6-9fad-430d-baa3-632ab403244a",
              "parentUUID": "3a26a5cb-3dce-46b7-b581-d8cc8f817c27",
              "isHook": false,
              "skipped": false
            },
            {
              "title": "Should find Register button and tap",
              "fullTitle": "Sign Up and Sign In Should find Register button and tap",
              "timedOut": null,
              "duration": 490,
              "state": "passed",
              "speed": "fast",
              "pass": true,
              "fail": false,
              "pending": false,
              "context": null,
              "code": "cy.get('.modal-footer > .btn').should('be.disabled');",
              "err": {},
              "uuid": "767cbbd7-2d73-4022-9b28-9621fa7bf4e0",
              "parentUUID": "3a26a5cb-3dce-46b7-b581-d8cc8f817c27",
              "isHook": false,
              "skipped": false
            },
            {
              "title": "Should fill registration",
              "fullTitle": "Sign Up and Sign In Should fill registration",
              "timedOut": null,
              "duration": 1782,
              "state": "passed",
              "speed": "fast",
              "pass": true,
              "fail": false,
              "pending": false,
              "context": null,
              "code": "cy.get('#signupName').type('Ted');\ncy.get('#signupLastName').type('Proffi');\ncy.get('#signupEmail').type('elena95@gmail.com');\ncy.get('#signupPassword').type('Color123', {\n  sensitive: true\n});\ncy.get('#signupRepeatPassword').type('Color123', {\n  sensitive: true\n});\ncy.get('.modal-footer > .btn').click();\ncy.get('.close > span').click();",
              "err": {},
              "uuid": "c4ff6b38-dbfe-41b9-859c-43664f74f8b4",
              "parentUUID": "3a26a5cb-3dce-46b7-b581-d8cc8f817c27",
              "isHook": false,
              "skipped": false
            },
            {
              "title": "Should log in my user",
              "fullTitle": "Sign Up and Sign In Should log in my user",
              "timedOut": null,
              "duration": 1571,
              "state": "passed",
              "speed": "fast",
              "pass": true,
              "fail": false,
              "pending": false,
              "context": null,
              "code": "cy.get('.close > span').click();\ncy.get('.header_right > .btn').click();\ncy.get('#signinEmail').type('elena95@gmail.com');\ncy.get('#signinPassword').type('Color123', {\n  sensitive: true\n});\ncy.get('.modal-footer > .btn-primary').click();",
              "err": {},
              "uuid": "4e8d60ab-c2fc-434e-9694-deb293cbc6b7",
              "parentUUID": "3a26a5cb-3dce-46b7-b581-d8cc8f817c27",
              "isHook": false,
              "skipped": false
            }
          ],
          "suites": [],
          "passes": [
            "99dfcc84-7663-4eb8-a4f1-2963a35f776b",
            "697d8e2b-b44a-47ec-af7c-91b621bb93c8",
            "eb141f25-2ff1-4607-bb94-f23c3097f8f4",
            "0b1895c7-40a8-47be-b2b6-64b640e93c2b",
            "548ef486-5fa9-4518-91e1-36d34f7c01e4",
            "bd41aca1-f8d3-4ec9-8a29-1eb489200f07",
            "6ede5c44-1a28-45f7-b092-1df53fc36c46",
            "51a39e90-e698-4e54-9f7f-a381c7edc024",
            "18ab25dd-938f-477b-93f4-3ad84eab46f3",
            "682e35b8-6747-4076-a7fd-2f90413cbe4d",
            "31ace8b3-47f3-4e86-9a40-2881ba3e7ed8",
            "fcd04fc3-205e-4c10-9543-63b7b0919430",
            "968e028e-f591-47cc-91e1-40c75b894a1f",
            "02a4c5de-eb45-46eb-87f7-33b92c36c4ac",
            "0f4956e1-805f-477b-ad8b-4b130053def8",
            "4df8cdf6-9fad-430d-baa3-632ab403244a",
            "767cbbd7-2d73-4022-9b28-9621fa7bf4e0",
            "c4ff6b38-dbfe-41b9-859c-43664f74f8b4",
            "4e8d60ab-c2fc-434e-9694-deb293cbc6b7"
          ],
          "failures": [],
          "pending": [],
          "skipped": [],
          "duration": 17477,
          "root": false,
          "rootEmpty": false,
          "_timeout": 2000
        }
      ],
      "passes": [],
      "failures": [],
      "pending": [],
      "skipped": [],
      "duration": 0,
      "root": true,
      "rootEmpty": true,
      "_timeout": 2000
    }
  ],
  "meta": {
    "mocha": {
      "version": "7.2.0"
    },
    "mochawesome": {
      "options": {
        "quiet": false,
        "reportFilename": "mochawesome",
        "saveHtml": false,
        "saveJson": true,
        "consoleReporter": "spec",
        "useInlineDiffs": false,
        "code": true
      },
      "version": "7.1.3"
    },
    "marge": {
      "options": {
        "reportDir": "cypress/reports",
        "overwrite": false,
        "html": false,
        "json": true
      },
      "version": "6.2.0"
    }
  }
}